2018-07-10 21:29:41.151  INFO 8206 --- [http-nio-8070-exec-7] c.b.t.user.filters.LoggingInterceptor    : Request for /notes/create with request id: 73796783-8b05-427a-b1b6-13eeeb91e61a
2018-07-10 21:32:16.286  INFO 8206 --- [Thread-6] ConfigServletWebServerApplicationContext : Closing org.springframework.boot.web.servlet.context.AnnotationConfigServletWebServerApplicationContext@3d60b817: startup date [Tue Jul 10 21:26:00 IST 2018]; root of context hierarchy
2018-07-10 21:32:16.289  INFO 8206 --- [Thread-6] o.s.j.e.a.AnnotationMBeanExporter        : Unregistering JMX-exposed beans on shutdown
2018-07-10 21:32:16.290  INFO 8206 --- [Thread-6] o.s.j.e.a.AnnotationMBeanExporter        : Unregistering JMX-exposed beans
2018-07-10 21:32:16.292  INFO 8206 --- [Thread-6] j.LocalContainerEntityManagerFactoryBean : Closing JPA EntityManagerFactory for persistence unit 'default'
2018-07-10 21:32:16.293  INFO 8206 --- [Thread-6] com.zaxxer.hikari.HikariDataSource       : HikariPool-1 - Shutdown initiated...
2018-07-10 21:32:16.300  INFO 8206 --- [Thread-6] com.zaxxer.hikari.HikariDataSource       : HikariPool-1 - Shutdown completed.
2018-07-10 21:32:16.670  INFO 8206 --- [restartedMain] com.bridgelabz.todo.TodoApplication      : Starting TodoApplication on SidsPC with PID 8206 (/home/sid/Sid/TodoWorkplace/todonew/target/classes started by sid in /home/sid/Sid/TodoWorkplace/todonew)
2018-07-10 21:32:16.670 DEBUG 8206 --- [restartedMain] com.bridgelabz.todo.TodoApplication      : Running with Spring Boot v2.0.3.RELEASE, Spring v5.0.7.RELEASE
2018-07-10 21:32:16.671  INFO 8206 --- [restartedMain] com.bridgelabz.todo.TodoApplication      : No active profile set, falling back to default profiles: default
2018-07-10 21:32:16.675  INFO 8206 --- [restartedMain] ConfigServletWebServerApplicationContext : Refreshing org.springframework.boot.web.servlet.context.AnnotationConfigServletWebServerApplicationContext@4d6c1d13: startup date [Tue Jul 10 21:32:16 IST 2018]; root of context hierarchy
2018-07-10 21:32:17.207  INFO 8206 --- [restartedMain] trationDelegate$BeanPostProcessorChecker : Bean 'org.springframework.transaction.annotation.ProxyTransactionManagementConfiguration' of type [org.springframework.transaction.annotation.ProxyTransactionManagementConfiguration$$EnhancerBySpringCGLIB$$cafeb384] is not eligible for getting processed by all BeanPostProcessors (for example: not eligible for auto-proxying)
2018-07-10 21:32:17.275  INFO 8206 --- [restartedMain] o.s.b.w.embedded.tomcat.TomcatWebServer  : Tomcat initialized with port(s): 8070 (http)
2018-07-10 21:32:17.276  INFO 8206 --- [restartedMain] o.apache.catalina.core.StandardService   : Starting service [Tomcat]
2018-07-10 21:32:17.276  INFO 8206 --- [restartedMain] org.apache.catalina.core.StandardEngine  : Starting Servlet Engine: Apache Tomcat/8.5.31
2018-07-10 21:32:17.283  INFO 8206 --- [localhost-startStop-1] o.a.c.c.C.[Tomcat].[localhost].[/]       : Initializing Spring embedded WebApplicationContext
2018-07-10 21:32:17.338  INFO 8206 --- [localhost-startStop-1] o.s.b.w.servlet.FilterRegistrationBean   : Mapping filter: 'characterEncodingFilter' to: [/*]
2018-07-10 21:32:17.339  INFO 8206 --- [localhost-startStop-1] o.s.b.w.servlet.FilterRegistrationBean   : Mapping filter: 'hiddenHttpMethodFilter' to: [/*]
2018-07-10 21:32:17.339  INFO 8206 --- [localhost-startStop-1] o.s.b.w.servlet.FilterRegistrationBean   : Mapping filter: 'httpPutFormContentFilter' to: [/*]
2018-07-10 21:32:17.339  INFO 8206 --- [localhost-startStop-1] o.s.b.w.servlet.FilterRegistrationBean   : Mapping filter: 'requestContextFilter' to: [/*]
2018-07-10 21:32:17.339  INFO 8206 --- [localhost-startStop-1] .s.DelegatingFilterProxyRegistrationBean : Mapping filter: 'springSecurityFilterChain' to: [/*]
2018-07-10 21:32:17.339  INFO 8206 --- [localhost-startStop-1] o.s.b.w.servlet.ServletRegistrationBean  : Servlet dispatcherServlet mapped to [/]
2018-07-10 21:32:17.399  INFO 8206 --- [restartedMain] com.zaxxer.hikari.HikariDataSource       : HikariPool-2 - Starting...
2018-07-10 21:32:17.403  INFO 8206 --- [restartedMain] com.zaxxer.hikari.HikariDataSource       : HikariPool-2 - Start completed.
2018-07-10 21:32:17.418  INFO 8206 --- [restartedMain] j.LocalContainerEntityManagerFactoryBean : Building JPA container EntityManagerFactory for persistence unit 'default'
2018-07-10 21:32:17.418  INFO 8206 --- [restartedMain] o.hibernate.jpa.internal.util.LogHelper  : HHH000204: Processing PersistenceUnitInfo [
	name: default
	...]
2018-07-10 21:32:17.435  INFO 8206 --- [restartedMain] org.hibernate.dialect.Dialect            : HHH000400: Using dialect: org.hibernate.dialect.MySQL5Dialect
2018-07-10 21:32:17.651  INFO 8206 --- [restartedMain] j.LocalContainerEntityManagerFactoryBean : Initialized JPA EntityManagerFactory for persistence unit 'default'
2018-07-10 21:32:17.859  WARN 8206 --- [restartedMain] o.s.s.o.p.t.s.JwtAccessTokenConverter    : Unable to create an RSA verifier from verifierKey (ignoreable if using MAC)
2018-07-10 21:32:17.888  INFO 8206 --- [restartedMain] .s.o.p.e.FrameworkEndpointHandlerMapping : Mapped "{[/oauth/authorize]}" onto public org.springframework.web.servlet.ModelAndView org.springframework.security.oauth2.provider.endpoint.AuthorizationEndpoint.authorize(java.util.Map<java.lang.String, java.lang.Object>,java.util.Map<java.lang.String, java.lang.String>,org.springframework.web.bind.support.SessionStatus,java.security.Principal)
2018-07-10 21:32:17.889  INFO 8206 --- [restartedMain] .s.o.p.e.FrameworkEndpointHandlerMapping : Mapped "{[/oauth/authorize],methods=[POST],params=[user_oauth_approval]}" onto public org.springframework.web.servlet.View org.springframework.security.oauth2.provider.endpoint.AuthorizationEndpoint.approveOrDeny(java.util.Map<java.lang.String, java.lang.String>,java.util.Map<java.lang.String, ?>,org.springframework.web.bind.support.SessionStatus,java.security.Principal)
2018-07-10 21:32:17.890  INFO 8206 --- [restartedMain] .s.o.p.e.FrameworkEndpointHandlerMapping : Mapped "{[/oauth/token],methods=[POST]}" onto public org.springframework.http.ResponseEntity<org.springframework.security.oauth2.common.OAuth2AccessToken> org.springframework.security.oauth2.provider.endpoint.TokenEndpoint.postAccessToken(java.security.Principal,java.util.Map<java.lang.String, java.lang.String>) throws org.springframework.web.HttpRequestMethodNotSupportedException
2018-07-10 21:32:17.891  INFO 8206 --- [restartedMain] .s.o.p.e.FrameworkEndpointHandlerMapping : Mapped "{[/oauth/token],methods=[GET]}" onto public org.springframework.http.ResponseEntity<org.springframework.security.oauth2.common.OAuth2AccessToken> org.springframework.security.oauth2.provider.endpoint.TokenEndpoint.getAccessToken(java.security.Principal,java.util.Map<java.lang.String, java.lang.String>) throws org.springframework.web.HttpRequestMethodNotSupportedException
2018-07-10 21:32:17.891  INFO 8206 --- [restartedMain] .s.o.p.e.FrameworkEndpointHandlerMapping : Mapped "{[/oauth/check_token]}" onto public java.util.Map<java.lang.String, ?> org.springframework.security.oauth2.provider.endpoint.CheckTokenEndpoint.checkToken(java.lang.String)
2018-07-10 21:32:17.893  INFO 8206 --- [restartedMain] .s.o.p.e.FrameworkEndpointHandlerMapping : Mapped "{[/oauth/confirm_access]}" onto public org.springframework.web.servlet.ModelAndView org.springframework.security.oauth2.provider.endpoint.WhitelabelApprovalEndpoint.getAccessConfirmation(java.util.Map<java.lang.String, java.lang.Object>,javax.servlet.http.HttpServletRequest) throws java.lang.Exception
2018-07-10 21:32:17.894  INFO 8206 --- [restartedMain] .s.o.p.e.FrameworkEndpointHandlerMapping : Mapped "{[/oauth/error]}" onto public org.springframework.web.servlet.ModelAndView org.springframework.security.oauth2.provider.endpoint.WhitelabelErrorEndpoint.handleError(javax.servlet.http.HttpServletRequest)
2018-07-10 21:32:17.899  INFO 8206 --- [restartedMain] .s.o.p.e.FrameworkEndpointHandlerMapping : Mapped "{[/oauth/token_key],methods=[GET]}" onto public java.util.Map<java.lang.String, java.lang.String> org.springframework.security.oauth2.provider.endpoint.TokenKeyEndpoint.getKey(java.security.Principal)
2018-07-10 21:32:18.128  WARN 8206 --- [restartedMain] aWebConfiguration$JpaWebMvcConfiguration : spring.jpa.open-in-view is enabled by default. Therefore, database queries may be performed during view rendering. Explicitly configure spring.jpa.open-in-view to disable this warning
2018-07-10 21:32:18.249  INFO 8206 --- [restartedMain] o.s.s.web.DefaultSecurityFilterChain     : Creating filter chain: OrRequestMatcher [requestMatchers=[Ant [pattern='/oauth/token'], Ant [pattern='/oauth/token_key'], Ant [pattern='/oauth/check_token']]], [org.springframework.security.web.context.request.async.WebAsyncManagerIntegrationFilter@10a1aa56, org.springframework.security.web.context.SecurityContextPersistenceFilter@b6f0c55, org.springframework.security.web.header.HeaderWriterFilter@1da9a762, org.springframework.security.web.authentication.logout.LogoutFilter@6fbc4ef5, org.springframework.security.web.authentication.www.BasicAuthenticationFilter@6a554809, org.springframework.security.web.savedrequest.RequestCacheAwareFilter@2c5834ff, org.springframework.security.web.servletapi.SecurityContextHolderAwareRequestFilter@7c1a14a1, org.springframework.security.web.authentication.AnonymousAuthenticationFilter@165b5033, org.springframework.security.web.session.SessionManagementFilter@117048a7, org.springframework.security.web.access.ExceptionTranslationFilter@5ddf59ee, org.springframework.security.web.access.intercept.FilterSecurityInterceptor@2ceeafd4]
2018-07-10 21:32:18.257  INFO 8206 --- [restartedMain] o.s.s.web.DefaultSecurityFilterChain     : Creating filter chain: org.springframework.security.oauth2.config.annotation.web.configuration.ResourceServerConfiguration$NotOAuthRequestMatcher@679c7868, [org.springframework.security.web.context.request.async.WebAsyncManagerIntegrationFilter@2b63386, org.springframework.security.web.context.SecurityContextPersistenceFilter@259f4bc6, org.springframework.security.web.header.HeaderWriterFilter@6d5c7930, org.springframework.security.web.authentication.logout.LogoutFilter@2c29b8e6, org.springframework.security.oauth2.provider.authentication.OAuth2AuthenticationProcessingFilter@31cbf67b, org.springframework.security.web.savedrequest.RequestCacheAwareFilter@39408030, org.springframework.security.web.servletapi.SecurityContextHolderAwareRequestFilter@375bebd1, org.springframework.security.web.authentication.AnonymousAuthenticationFilter@6836d3ce, org.springframework.security.web.session.SessionManagementFilter@4a8a2c70, org.springframework.security.web.access.ExceptionTranslationFilter@36e554d9, org.springframework.security.web.access.intercept.FilterSecurityInterceptor@510b0fa5]
2018-07-10 21:32:18.258  INFO 8206 --- [restartedMain] o.s.s.web.DefaultSecurityFilterChain     : Creating filter chain: org.springframework.security.web.util.matcher.AnyRequestMatcher@1, [org.springframework.security.web.context.request.async.WebAsyncManagerIntegrationFilter@569d6a5f, org.springframework.security.web.context.SecurityContextPersistenceFilter@5fa99ed0, org.springframework.security.web.header.HeaderWriterFilter@25632d22, org.springframework.security.web.authentication.logout.LogoutFilter@4551333b, org.springframework.security.web.savedrequest.RequestCacheAwareFilter@39b7ed1d, org.springframework.security.web.servletapi.SecurityContextHolderAwareRequestFilter@581dd34, org.springframework.security.web.authentication.AnonymousAuthenticationFilter@50c4ba94, org.springframework.security.web.session.SessionManagementFilter@57a2f641, org.springframework.security.web.access.ExceptionTranslationFilter@87dd0a8]
2018-07-10 21:32:18.276  INFO 8206 --- [restartedMain] o.s.b.d.a.OptionalLiveReloadServer       : LiveReload server is running on port 35729
2018-07-10 21:32:18.303  INFO 8206 --- [restartedMain] o.s.j.e.a.AnnotationMBeanExporter        : Registering beans for JMX exposure on startup
2018-07-10 21:32:18.304  INFO 8206 --- [restartedMain] o.s.j.e.a.AnnotationMBeanExporter        : Bean with name 'dataSource' has been autodetected for JMX exposure
2018-07-10 21:32:18.310  INFO 8206 --- [restartedMain] o.s.j.e.a.AnnotationMBeanExporter        : Located MBean 'dataSource': registering with JMX server as MBean [com.zaxxer.hikari:name=dataSource,type=HikariDataSource]
2018-07-10 21:32:18.322  INFO 8206 --- [restartedMain] o.s.b.w.embedded.tomcat.TomcatWebServer  : Tomcat started on port(s): 8070 (http) with context path ''
2018-07-10 21:32:18.323  INFO 8206 --- [restartedMain] com.bridgelabz.todo.TodoApplication      : Started TodoApplication in 1.687 seconds (JVM running for 378.181)
2018-07-10 21:32:18.328  INFO 8206 --- [restartedMain] .ConditionEvaluationDeltaLoggingListener : Condition evaluation unchanged
2018-07-10 21:32:31.738  INFO 8206 --- [Thread-10] ConfigServletWebServerApplicationContext : Closing org.springframework.boot.web.servlet.context.AnnotationConfigServletWebServerApplicationContext@4d6c1d13: startup date [Tue Jul 10 21:32:16 IST 2018]; root of context hierarchy
2018-07-10 21:32:31.744  INFO 8206 --- [Thread-10] o.s.j.e.a.AnnotationMBeanExporter        : Unregistering JMX-exposed beans on shutdown
2018-07-10 21:32:31.745  INFO 8206 --- [Thread-10] o.s.j.e.a.AnnotationMBeanExporter        : Unregistering JMX-exposed beans
2018-07-10 21:32:31.747  INFO 8206 --- [Thread-10] j.LocalContainerEntityManagerFactoryBean : Closing JPA EntityManagerFactory for persistence unit 'default'
2018-07-10 21:32:31.749  INFO 8206 --- [Thread-10] com.zaxxer.hikari.HikariDataSource       : HikariPool-2 - Shutdown initiated...
2018-07-10 21:32:31.765  INFO 8206 --- [Thread-10] com.zaxxer.hikari.HikariDataSource       : HikariPool-2 - Shutdown completed.
2018-07-10 21:32:32.189  INFO 8206 --- [restartedMain] com.bridgelabz.todo.TodoApplication      : Starting TodoApplication on SidsPC with PID 8206 (/home/sid/Sid/TodoWorkplace/todonew/target/classes started by sid in /home/sid/Sid/TodoWorkplace/todonew)
2018-07-10 21:32:32.189 DEBUG 8206 --- [restartedMain] com.bridgelabz.todo.TodoApplication      : Running with Spring Boot v2.0.3.RELEASE, Spring v5.0.7.RELEASE
2018-07-10 21:32:32.189  INFO 8206 --- [restartedMain] com.bridgelabz.todo.TodoApplication      : No active profile set, falling back to default profiles: default
2018-07-10 21:32:32.193  INFO 8206 --- [restartedMain] ConfigServletWebServerApplicationContext : Refreshing org.springframework.boot.web.servlet.context.AnnotationConfigServletWebServerApplicationContext@7e7ad4ff: startup date [Tue Jul 10 21:32:32 IST 2018]; root of context hierarchy
2018-07-10 21:32:32.750  INFO 8206 --- [restartedMain] trationDelegate$BeanPostProcessorChecker : Bean 'org.springframework.transaction.annotation.ProxyTransactionManagementConfiguration' of type [org.springframework.transaction.annotation.ProxyTransactionManagementConfiguration$$EnhancerBySpringCGLIB$$cafeb384] is not eligible for getting processed by all BeanPostProcessors (for example: not eligible for auto-proxying)
2018-07-10 21:32:32.815  INFO 8206 --- [restartedMain] o.s.b.w.embedded.tomcat.TomcatWebServer  : Tomcat initialized with port(s): 8070 (http)
2018-07-10 21:32:32.816  INFO 8206 --- [restartedMain] o.apache.catalina.core.StandardService   : Starting service [Tomcat]
2018-07-10 21:32:32.817  INFO 8206 --- [restartedMain] org.apache.catalina.core.StandardEngine  : Starting Servlet Engine: Apache Tomcat/8.5.31
2018-07-10 21:32:32.825  INFO 8206 --- [localhost-startStop-1] o.a.c.c.C.[Tomcat].[localhost].[/]       : Initializing Spring embedded WebApplicationContext
2018-07-10 21:32:32.873  INFO 8206 --- [localhost-startStop-1] o.s.b.w.servlet.FilterRegistrationBean   : Mapping filter: 'characterEncodingFilter' to: [/*]
2018-07-10 21:32:32.873  INFO 8206 --- [localhost-startStop-1] o.s.b.w.servlet.FilterRegistrationBean   : Mapping filter: 'hiddenHttpMethodFilter' to: [/*]
2018-07-10 21:32:32.873  INFO 8206 --- [localhost-startStop-1] o.s.b.w.servlet.FilterRegistrationBean   : Mapping filter: 'httpPutFormContentFilter' to: [/*]
2018-07-10 21:32:32.873  INFO 8206 --- [localhost-startStop-1] o.s.b.w.servlet.FilterRegistrationBean   : Mapping filter: 'requestContextFilter' to: [/*]
2018-07-10 21:32:32.873  INFO 8206 --- [localhost-startStop-1] .s.DelegatingFilterProxyRegistrationBean : Mapping filter: 'springSecurityFilterChain' to: [/*]
2018-07-10 21:32:32.873  INFO 8206 --- [localhost-startStop-1] o.s.b.w.servlet.ServletRegistrationBean  : Servlet dispatcherServlet mapped to [/]
2018-07-10 21:32:32.929  INFO 8206 --- [restartedMain] com.zaxxer.hikari.HikariDataSource       : HikariPool-3 - Starting...
2018-07-10 21:32:32.932  INFO 8206 --- [restartedMain] com.zaxxer.hikari.HikariDataSource       : HikariPool-3 - Start completed.
2018-07-10 21:32:32.947  INFO 8206 --- [restartedMain] j.LocalContainerEntityManagerFactoryBean : Building JPA container EntityManagerFactory for persistence unit 'default'
2018-07-10 21:32:32.948  INFO 8206 --- [restartedMain] o.hibernate.jpa.internal.util.LogHelper  : HHH000204: Processing PersistenceUnitInfo [
	name: default
	...]
2018-07-10 21:32:32.957  INFO 8206 --- [restartedMain] org.hibernate.dialect.Dialect            : HHH000400: Using dialect: org.hibernate.dialect.MySQL5Dialect
2018-07-10 21:32:33.108  INFO 8206 --- [restartedMain] j.LocalContainerEntityManagerFactoryBean : Initialized JPA EntityManagerFactory for persistence unit 'default'
2018-07-10 21:32:33.302  WARN 8206 --- [restartedMain] o.s.s.o.p.t.s.JwtAccessTokenConverter    : Unable to create an RSA verifier from verifierKey (ignoreable if using MAC)
2018-07-10 21:32:33.324  INFO 8206 --- [restartedMain] .s.o.p.e.FrameworkEndpointHandlerMapping : Mapped "{[/oauth/authorize]}" onto public org.springframework.web.servlet.ModelAndView org.springframework.security.oauth2.provider.endpoint.AuthorizationEndpoint.authorize(java.util.Map<java.lang.String, java.lang.Object>,java.util.Map<java.lang.String, java.lang.String>,org.springframework.web.bind.support.SessionStatus,java.security.Principal)
2018-07-10 21:32:33.325  INFO 8206 --- [restartedMain] .s.o.p.e.FrameworkEndpointHandlerMapping : Mapped "{[/oauth/authorize],methods=[POST],params=[user_oauth_approval]}" onto public org.springframework.web.servlet.View org.springframework.security.oauth2.provider.endpoint.AuthorizationEndpoint.approveOrDeny(java.util.Map<java.lang.String, java.lang.String>,java.util.Map<java.lang.String, ?>,org.springframework.web.bind.support.SessionStatus,java.security.Principal)
2018-07-10 21:32:33.325  INFO 8206 --- [restartedMain] .s.o.p.e.FrameworkEndpointHandlerMapping : Mapped "{[/oauth/token],methods=[POST]}" onto public org.springframework.http.ResponseEntity<org.springframework.security.oauth2.common.OAuth2AccessToken> org.springframework.security.oauth2.provider.endpoint.TokenEndpoint.postAccessToken(java.security.Principal,java.util.Map<java.lang.String, java.lang.String>) throws org.springframework.web.HttpRequestMethodNotSupportedException
2018-07-10 21:32:33.326  INFO 8206 --- [restartedMain] .s.o.p.e.FrameworkEndpointHandlerMapping : Mapped "{[/oauth/token],methods=[GET]}" onto public org.springframework.http.ResponseEntity<org.springframework.security.oauth2.common.OAuth2AccessToken> org.springframework.security.oauth2.provider.endpoint.TokenEndpoint.getAccessToken(java.security.Principal,java.util.Map<java.lang.String, java.lang.String>) throws org.springframework.web.HttpRequestMethodNotSupportedException
2018-07-10 21:32:33.326  INFO 8206 --- [restartedMain] .s.o.p.e.FrameworkEndpointHandlerMapping : Mapped "{[/oauth/check_token]}" onto public java.util.Map<java.lang.String, ?> org.springframework.security.oauth2.provider.endpoint.CheckTokenEndpoint.checkToken(java.lang.String)
2018-07-10 21:32:33.327  INFO 8206 --- [restartedMain] .s.o.p.e.FrameworkEndpointHandlerMapping : Mapped "{[/oauth/confirm_access]}" onto public org.springframework.web.servlet.ModelAndView org.springframework.security.oauth2.provider.endpoint.WhitelabelApprovalEndpoint.getAccessConfirmation(java.util.Map<java.lang.String, java.lang.Object>,javax.servlet.http.HttpServletRequest) throws java.lang.Exception
2018-07-10 21:32:33.327  INFO 8206 --- [restartedMain] .s.o.p.e.FrameworkEndpointHandlerMapping : Mapped "{[/oauth/error]}" onto public org.springframework.web.servlet.ModelAndView org.springframework.security.oauth2.provider.endpoint.WhitelabelErrorEndpoint.handleError(javax.servlet.http.HttpServletRequest)
2018-07-10 21:32:33.330  INFO 8206 --- [restartedMain] .s.o.p.e.FrameworkEndpointHandlerMapping : Mapped "{[/oauth/token_key],methods=[GET]}" onto public java.util.Map<java.lang.String, java.lang.String> org.springframework.security.oauth2.provider.endpoint.TokenKeyEndpoint.getKey(java.security.Principal)
2018-07-10 21:32:33.545  WARN 8206 --- [restartedMain] aWebConfiguration$JpaWebMvcConfiguration : spring.jpa.open-in-view is enabled by default. Therefore, database queries may be performed during view rendering. Explicitly configure spring.jpa.open-in-view to disable this warning
2018-07-10 21:32:33.645  INFO 8206 --- [restartedMain] o.s.s.web.DefaultSecurityFilterChain     : Creating filter chain: OrRequestMatcher [requestMatchers=[Ant [pattern='/oauth/token'], Ant [pattern='/oauth/token_key'], Ant [pattern='/oauth/check_token']]], [org.springframework.security.web.context.request.async.WebAsyncManagerIntegrationFilter@29697ddc, org.springframework.security.web.context.SecurityContextPersistenceFilter@29e2340b, org.springframework.security.web.header.HeaderWriterFilter@413a68b3, org.springframework.security.web.authentication.logout.LogoutFilter@4fbe8698, org.springframework.security.web.authentication.www.BasicAuthenticationFilter@5e04e256, org.springframework.security.web.savedrequest.RequestCacheAwareFilter@742e4ba6, org.springframework.security.web.servletapi.SecurityContextHolderAwareRequestFilter@66c3da60, org.springframework.security.web.authentication.AnonymousAuthenticationFilter@7d64b484, org.springframework.security.web.session.SessionManagementFilter@24f1a4a4, org.springframework.security.web.access.ExceptionTranslationFilter@8caab6a, org.springframework.security.web.access.intercept.FilterSecurityInterceptor@1c82de9c]
2018-07-10 21:32:33.651  INFO 8206 --- [restartedMain] o.s.s.web.DefaultSecurityFilterChain     : Creating filter chain: org.springframework.security.oauth2.config.annotation.web.configuration.ResourceServerConfiguration$NotOAuthRequestMatcher@2679d2f3, [org.springframework.security.web.context.request.async.WebAsyncManagerIntegrationFilter@29aa1651, org.springframework.security.web.context.SecurityContextPersistenceFilter@5be1d26a, org.springframework.security.web.header.HeaderWriterFilter@4e4d0645, org.springframework.security.web.authentication.logout.LogoutFilter@178be7e0, org.springframework.security.oauth2.provider.authentication.OAuth2AuthenticationProcessingFilter@40c94387, org.springframework.security.web.savedrequest.RequestCacheAwareFilter@65d5ec5a, org.springframework.security.web.servletapi.SecurityContextHolderAwareRequestFilter@438ca18b, org.springframework.security.web.authentication.AnonymousAuthenticationFilter@417524c, org.springframework.security.web.session.SessionManagementFilter@2d7f3597, org.springframework.security.web.access.ExceptionTranslationFilter@37b13763, org.springframework.security.web.access.intercept.FilterSecurityInterceptor@ba4c695]
2018-07-10 21:32:33.652  INFO 8206 --- [restartedMain] o.s.s.web.DefaultSecurityFilterChain     : Creating filter chain: org.springframework.security.web.util.matcher.AnyRequestMatcher@1, [org.springframework.security.web.context.request.async.WebAsyncManagerIntegrationFilter@7d8cef2, org.springframework.security.web.context.SecurityContextPersistenceFilter@f22b0c3, org.springframework.security.web.header.HeaderWriterFilter@7ac17cdb, org.springframework.security.web.authentication.logout.LogoutFilter@1d66c135, org.springframework.security.web.savedrequest.RequestCacheAwareFilter@38fa5d90, org.springframework.security.web.servletapi.SecurityContextHolderAwareRequestFilter@492cc9f0, org.springframework.security.web.authentication.AnonymousAuthenticationFilter@6da40544, org.springframework.security.web.session.SessionManagementFilter@5b21e7ff, org.springframework.security.web.access.ExceptionTranslationFilter@6762334]
2018-07-10 21:32:33.669  INFO 8206 --- [restartedMain] o.s.b.d.a.OptionalLiveReloadServer       : LiveReload server is running on port 35729
2018-07-10 21:32:33.693  INFO 8206 --- [restartedMain] o.s.j.e.a.AnnotationMBeanExporter        : Registering beans for JMX exposure on startup
2018-07-10 21:32:33.694  INFO 8206 --- [restartedMain] o.s.j.e.a.AnnotationMBeanExporter        : Bean with name 'dataSource' has been autodetected for JMX exposure
2018-07-10 21:32:33.698  INFO 8206 --- [restartedMain] o.s.j.e.a.AnnotationMBeanExporter        : Located MBean 'dataSource': registering with JMX server as MBean [com.zaxxer.hikari:name=dataSource,type=HikariDataSource]
2018-07-10 21:32:33.704  INFO 8206 --- [restartedMain] o.s.b.w.embedded.tomcat.TomcatWebServer  : Tomcat started on port(s): 8070 (http) with context path ''
2018-07-10 21:32:33.706  INFO 8206 --- [restartedMain] com.bridgelabz.todo.TodoApplication      : Started TodoApplication in 1.547 seconds (JVM running for 393.564)
2018-07-10 21:32:33.708  INFO 8206 --- [restartedMain] .ConditionEvaluationDeltaLoggingListener : Condition evaluation unchanged
2018-07-10 21:32:48.136  INFO 8206 --- [Thread-16] ConfigServletWebServerApplicationContext : Closing org.springframework.boot.web.servlet.context.AnnotationConfigServletWebServerApplicationContext@7e7ad4ff: startup date [Tue Jul 10 21:32:32 IST 2018]; root of context hierarchy
2018-07-10 21:32:48.142  INFO 8206 --- [Thread-16] o.s.j.e.a.AnnotationMBeanExporter        : Unregistering JMX-exposed beans on shutdown
2018-07-10 21:32:48.144  INFO 8206 --- [Thread-16] o.s.j.e.a.AnnotationMBeanExporter        : Unregistering JMX-exposed beans
2018-07-10 21:32:48.146  INFO 8206 --- [Thread-16] j.LocalContainerEntityManagerFactoryBean : Closing JPA EntityManagerFactory for persistence unit 'default'
2018-07-10 21:32:48.148  INFO 8206 --- [Thread-16] com.zaxxer.hikari.HikariDataSource       : HikariPool-3 - Shutdown initiated...
2018-07-10 21:32:48.156  INFO 8206 --- [Thread-16] com.zaxxer.hikari.HikariDataSource       : HikariPool-3 - Shutdown completed.
2018-07-10 21:32:48.494  INFO 8206 --- [restartedMain] com.bridgelabz.todo.TodoApplication      : Starting TodoApplication on SidsPC with PID 8206 (/home/sid/Sid/TodoWorkplace/todonew/target/classes started by sid in /home/sid/Sid/TodoWorkplace/todonew)
2018-07-10 21:32:48.494 DEBUG 8206 --- [restartedMain] com.bridgelabz.todo.TodoApplication      : Running with Spring Boot v2.0.3.RELEASE, Spring v5.0.7.RELEASE
2018-07-10 21:32:48.495  INFO 8206 --- [restartedMain] com.bridgelabz.todo.TodoApplication      : No active profile set, falling back to default profiles: default
2018-07-10 21:32:48.499  INFO 8206 --- [restartedMain] ConfigServletWebServerApplicationContext : Refreshing org.springframework.boot.web.servlet.context.AnnotationConfigServletWebServerApplicationContext@477e240: startup date [Tue Jul 10 21:32:48 IST 2018]; root of context hierarchy
2018-07-10 21:32:49.029  INFO 8206 --- [restartedMain] trationDelegate$BeanPostProcessorChecker : Bean 'org.springframework.transaction.annotation.ProxyTransactionManagementConfiguration' of type [org.springframework.transaction.annotation.ProxyTransactionManagementConfiguration$$EnhancerBySpringCGLIB$$cafeb384] is not eligible for getting processed by all BeanPostProcessors (for example: not eligible for auto-proxying)
2018-07-10 21:32:49.085  INFO 8206 --- [restartedMain] o.s.b.w.embedded.tomcat.TomcatWebServer  : Tomcat initialized with port(s): 8070 (http)
2018-07-10 21:32:49.086  INFO 8206 --- [restartedMain] o.apache.catalina.core.StandardService   : Starting service [Tomcat]
2018-07-10 21:32:49.086  INFO 8206 --- [restartedMain] org.apache.catalina.core.StandardEngine  : Starting Servlet Engine: Apache Tomcat/8.5.31
2018-07-10 21:32:49.095  INFO 8206 --- [localhost-startStop-1] o.a.c.c.C.[Tomcat].[localhost].[/]       : Initializing Spring embedded WebApplicationContext
2018-07-10 21:32:49.136  INFO 8206 --- [localhost-startStop-1] o.s.b.w.servlet.FilterRegistrationBean   : Mapping filter: 'characterEncodingFilter' to: [/*]
2018-07-10 21:32:49.136  INFO 8206 --- [localhost-startStop-1] o.s.b.w.servlet.FilterRegistrationBean   : Mapping filter: 'hiddenHttpMethodFilter' to: [/*]
2018-07-10 21:32:49.136  INFO 8206 --- [localhost-startStop-1] o.s.b.w.servlet.FilterRegistrationBean   : Mapping filter: 'httpPutFormContentFilter' to: [/*]
2018-07-10 21:32:49.136  INFO 8206 --- [localhost-startStop-1] o.s.b.w.servlet.FilterRegistrationBean   : Mapping filter: 'requestContextFilter' to: [/*]
2018-07-10 21:32:49.136  INFO 8206 --- [localhost-startStop-1] .s.DelegatingFilterProxyRegistrationBean : Mapping filter: 'springSecurityFilterChain' to: [/*]
2018-07-10 21:32:49.136  INFO 8206 --- [localhost-startStop-1] o.s.b.w.servlet.ServletRegistrationBean  : Servlet dispatcherServlet mapped to [/]
2018-07-10 21:32:49.186  INFO 8206 --- [restartedMain] com.zaxxer.hikari.HikariDataSource       : HikariPool-4 - Starting...
2018-07-10 21:32:49.189  INFO 8206 --- [restartedMain] com.zaxxer.hikari.HikariDataSource       : HikariPool-4 - Start completed.
2018-07-10 21:32:49.200  INFO 8206 --- [restartedMain] j.LocalContainerEntityManagerFactoryBean : Building JPA container EntityManagerFactory for persistence unit 'default'
2018-07-10 21:32:49.201  INFO 8206 --- [restartedMain] o.hibernate.jpa.internal.util.LogHelper  : HHH000204: Processing PersistenceUnitInfo [
	name: default
	...]
2018-07-10 21:32:49.210  INFO 8206 --- [restartedMain] org.hibernate.dialect.Dialect            : HHH000400: Using dialect: org.hibernate.dialect.MySQL5Dialect
2018-07-10 21:32:49.431  INFO 8206 --- [restartedMain] j.LocalContainerEntityManagerFactoryBean : Initialized JPA EntityManagerFactory for persistence unit 'default'
2018-07-10 21:32:49.635  WARN 8206 --- [restartedMain] o.s.s.o.p.t.s.JwtAccessTokenConverter    : Unable to create an RSA verifier from verifierKey (ignoreable if using MAC)
2018-07-10 21:32:49.660  INFO 8206 --- [restartedMain] .s.o.p.e.FrameworkEndpointHandlerMapping : Mapped "{[/oauth/authorize]}" onto public org.springframework.web.servlet.ModelAndView org.springframework.security.oauth2.provider.endpoint.AuthorizationEndpoint.authorize(java.util.Map<java.lang.String, java.lang.Object>,java.util.Map<java.lang.String, java.lang.String>,org.springframework.web.bind.support.SessionStatus,java.security.Principal)
2018-07-10 21:32:49.660  INFO 8206 --- [restartedMain] .s.o.p.e.FrameworkEndpointHandlerMapping : Mapped "{[/oauth/authorize],methods=[POST],params=[user_oauth_approval]}" onto public org.springframework.web.servlet.View org.springframework.security.oauth2.provider.endpoint.AuthorizationEndpoint.approveOrDeny(java.util.Map<java.lang.String, java.lang.String>,java.util.Map<java.lang.String, ?>,org.springframework.web.bind.support.SessionStatus,java.security.Principal)
2018-07-10 21:32:49.661  INFO 8206 --- [restartedMain] .s.o.p.e.FrameworkEndpointHandlerMapping : Mapped "{[/oauth/token],methods=[POST]}" onto public org.springframework.http.ResponseEntity<org.springframework.security.oauth2.common.OAuth2AccessToken> org.springframework.security.oauth2.provider.endpoint.TokenEndpoint.postAccessToken(java.security.Principal,java.util.Map<java.lang.String, java.lang.String>) throws org.springframework.web.HttpRequestMethodNotSupportedException
2018-07-10 21:32:49.662  INFO 8206 --- [restartedMain] .s.o.p.e.FrameworkEndpointHandlerMapping : Mapped "{[/oauth/token],methods=[GET]}" onto public org.springframework.http.ResponseEntity<org.springframework.security.oauth2.common.OAuth2AccessToken> org.springframework.security.oauth2.provider.endpoint.TokenEndpoint.getAccessToken(java.security.Principal,java.util.Map<java.lang.String, java.lang.String>) throws org.springframework.web.HttpRequestMethodNotSupportedException
2018-07-10 21:32:49.662  INFO 8206 --- [restartedMain] .s.o.p.e.FrameworkEndpointHandlerMapping : Mapped "{[/oauth/check_token]}" onto public java.util.Map<java.lang.String, ?> org.springframework.security.oauth2.provider.endpoint.CheckTokenEndpoint.checkToken(java.lang.String)
2018-07-10 21:32:49.663  INFO 8206 --- [restartedMain] .s.o.p.e.FrameworkEndpointHandlerMapping : Mapped "{[/oauth/confirm_access]}" onto public org.springframework.web.servlet.ModelAndView org.springframework.security.oauth2.provider.endpoint.WhitelabelApprovalEndpoint.getAccessConfirmation(java.util.Map<java.lang.String, java.lang.Object>,javax.servlet.http.HttpServletRequest) throws java.lang.Exception
2018-07-10 21:32:49.664  INFO 8206 --- [restartedMain] .s.o.p.e.FrameworkEndpointHandlerMapping : Mapped "{[/oauth/error]}" onto public org.springframework.web.servlet.ModelAndView org.springframework.security.oauth2.provider.endpoint.WhitelabelErrorEndpoint.handleError(javax.servlet.http.HttpServletRequest)
2018-07-10 21:32:49.667  INFO 8206 --- [restartedMain] .s.o.p.e.FrameworkEndpointHandlerMapping : Mapped "{[/oauth/token_key],methods=[GET]}" onto public java.util.Map<java.lang.String, java.lang.String> org.springframework.security.oauth2.provider.endpoint.TokenKeyEndpoint.getKey(java.security.Principal)
2018-07-10 21:32:49.889  WARN 8206 --- [restartedMain] aWebConfiguration$JpaWebMvcConfiguration : spring.jpa.open-in-view is enabled by default. Therefore, database queries may be performed during view rendering. Explicitly configure spring.jpa.open-in-view to disable this warning
2018-07-10 21:32:50.000  INFO 8206 --- [restartedMain] o.s.s.web.DefaultSecurityFilterChain     : Creating filter chain: OrRequestMatcher [requestMatchers=[Ant [pattern='/oauth/token'], Ant [pattern='/oauth/token_key'], Ant [pattern='/oauth/check_token']]], [org.springframework.security.web.context.request.async.WebAsyncManagerIntegrationFilter@4ea67978, org.springframework.security.web.context.SecurityContextPersistenceFilter@2e944c06, org.springframework.security.web.header.HeaderWriterFilter@47d88f79, org.springframework.security.web.authentication.logout.LogoutFilter@3d05d91a, org.springframework.security.web.authentication.www.BasicAuthenticationFilter@59f0ff77, org.springframework.security.web.savedrequest.RequestCacheAwareFilter@406dc6fd, org.springframework.security.web.servletapi.SecurityContextHolderAwareRequestFilter@434d3ace, org.springframework.security.web.authentication.AnonymousAuthenticationFilter@2717e8e, org.springframework.security.web.session.SessionManagementFilter@34595de0, org.springframework.security.web.access.ExceptionTranslationFilter@7e9210b1, org.springframework.security.web.access.intercept.FilterSecurityInterceptor@2b08cee1]
2018-07-10 21:32:50.008  INFO 8206 --- [restartedMain] o.s.s.web.DefaultSecurityFilterChain     : Creating filter chain: org.springframework.security.oauth2.config.annotation.web.configuration.ResourceServerConfiguration$NotOAuthRequestMatcher@572bd8a6, [org.springframework.security.web.context.request.async.WebAsyncManagerIntegrationFilter@32aae90f, org.springframework.security.web.context.SecurityContextPersistenceFilter@5317b147, org.springframework.security.web.header.HeaderWriterFilter@4f7b0048, org.springframework.security.web.authentication.logout.LogoutFilter@24e797d0, org.springframework.security.oauth2.provider.authentication.OAuth2AuthenticationProcessingFilter@16bda8ec, org.springframework.security.web.savedrequest.RequestCacheAwareFilter@4f1a1807, org.springframework.security.web.servletapi.SecurityContextHolderAwareRequestFilter@587438ec, org.springframework.security.web.authentication.AnonymousAuthenticationFilter@39bb88d0, org.springframework.security.web.session.SessionManagementFilter@5c741369, org.springframework.security.web.access.ExceptionTranslationFilter@3105a280, org.springframework.security.web.access.intercept.FilterSecurityInterceptor@1c94ded]
2018-07-10 21:32:50.009  INFO 8206 --- [restartedMain] o.s.s.web.DefaultSecurityFilterChain     : Creating filter chain: org.springframework.security.web.util.matcher.AnyRequestMatcher@1, [org.springframework.security.web.context.request.async.WebAsyncManagerIntegrationFilter@4aca07a1, org.springframework.security.web.context.SecurityContextPersistenceFilter@67e580cb, org.springframework.security.web.header.HeaderWriterFilter@395bc2f3, org.springframework.security.web.authentication.logout.LogoutFilter@1e22c8e, org.springframework.security.web.savedrequest.RequestCacheAwareFilter@6832228c, org.springframework.security.web.servletapi.SecurityContextHolderAwareRequestFilter@f192923, org.springframework.security.web.authentication.AnonymousAuthenticationFilter@33956a36, org.springframework.security.web.session.SessionManagementFilter@4a3899af, org.springframework.security.web.access.ExceptionTranslationFilter@7bae8edd]
2018-07-10 21:32:50.028  INFO 8206 --- [restartedMain] o.s.b.d.a.OptionalLiveReloadServer       : LiveReload server is running on port 35729
2018-07-10 21:32:50.058  INFO 8206 --- [restartedMain] o.s.j.e.a.AnnotationMBeanExporter        : Registering beans for JMX exposure on startup
2018-07-10 21:32:50.059  INFO 8206 --- [restartedMain] o.s.j.e.a.AnnotationMBeanExporter        : Bean with name 'dataSource' has been autodetected for JMX exposure
2018-07-10 21:32:50.066  INFO 8206 --- [restartedMain] o.s.j.e.a.AnnotationMBeanExporter        : Located MBean 'dataSource': registering with JMX server as MBean [com.zaxxer.hikari:name=dataSource,type=HikariDataSource]
2018-07-10 21:32:50.095  INFO 8206 --- [restartedMain] o.s.b.w.embedded.tomcat.TomcatWebServer  : Tomcat started on port(s): 8070 (http) with context path ''
2018-07-10 21:32:50.096  INFO 8206 --- [restartedMain] com.bridgelabz.todo.TodoApplication      : Started TodoApplication in 1.637 seconds (JVM running for 409.954)
2018-07-10 21:32:50.101  INFO 8206 --- [restartedMain] .ConditionEvaluationDeltaLoggingListener : Condition evaluation unchanged
2018-07-10 21:46:02.661  INFO 9690 --- [restartedMain] com.bridgelabz.todo.TodoApplication      : Starting TodoApplication on SidsPC with PID 9690 (/home/sid/Sid/TodoWorkplace/todonew/target/classes started by sid in /home/sid/Sid/TodoWorkplace/todonew)
2018-07-10 21:46:02.663 DEBUG 9690 --- [restartedMain] com.bridgelabz.todo.TodoApplication      : Running with Spring Boot v2.0.3.RELEASE, Spring v5.0.7.RELEASE
2018-07-10 21:46:02.667  INFO 9690 --- [restartedMain] com.bridgelabz.todo.TodoApplication      : No active profile set, falling back to default profiles: default
2018-07-10 21:46:02.818  INFO 9690 --- [restartedMain] ConfigServletWebServerApplicationContext : Refreshing org.springframework.boot.web.servlet.context.AnnotationConfigServletWebServerApplicationContext@4363c512: startup date [Tue Jul 10 21:46:02 IST 2018]; root of context hierarchy
2018-07-10 21:46:04.455  INFO 9690 --- [restartedMain] trationDelegate$BeanPostProcessorChecker : Bean 'org.springframework.transaction.annotation.ProxyTransactionManagementConfiguration' of type [org.springframework.transaction.annotation.ProxyTransactionManagementConfiguration$$EnhancerBySpringCGLIB$$ed6f83ad] is not eligible for getting processed by all BeanPostProcessors (for example: not eligible for auto-proxying)
2018-07-10 21:46:04.887  INFO 9690 --- [restartedMain] o.s.b.w.embedded.tomcat.TomcatWebServer  : Tomcat initialized with port(s): 8070 (http)
2018-07-10 21:46:04.910  INFO 9690 --- [restartedMain] o.apache.catalina.core.StandardService   : Starting service [Tomcat]
2018-07-10 21:46:04.911  INFO 9690 --- [restartedMain] org.apache.catalina.core.StandardEngine  : Starting Servlet Engine: Apache Tomcat/8.5.31
2018-07-10 21:46:04.915  INFO 9690 --- [localhost-startStop-1] o.a.catalina.core.AprLifecycleListener   : The APR based Apache Tomcat Native library which allows optimal performance in production environments was not found on the java.library.path: [/usr/java/packages/lib/amd64:/usr/lib64:/lib64:/lib:/usr/lib]
2018-07-10 21:46:04.995  INFO 9690 --- [localhost-startStop-1] o.a.c.c.C.[Tomcat].[localhost].[/]       : Initializing Spring embedded WebApplicationContext
2018-07-10 21:46:05.165  INFO 9690 --- [localhost-startStop-1] o.s.b.w.servlet.FilterRegistrationBean   : Mapping filter: 'characterEncodingFilter' to: [/*]
2018-07-10 21:46:05.166  INFO 9690 --- [localhost-startStop-1] o.s.b.w.servlet.FilterRegistrationBean   : Mapping filter: 'hiddenHttpMethodFilter' to: [/*]
2018-07-10 21:46:05.166  INFO 9690 --- [localhost-startStop-1] o.s.b.w.servlet.FilterRegistrationBean   : Mapping filter: 'httpPutFormContentFilter' to: [/*]
2018-07-10 21:46:05.166  INFO 9690 --- [localhost-startStop-1] o.s.b.w.servlet.FilterRegistrationBean   : Mapping filter: 'requestContextFilter' to: [/*]
2018-07-10 21:46:05.167  INFO 9690 --- [localhost-startStop-1] .s.DelegatingFilterProxyRegistrationBean : Mapping filter: 'springSecurityFilterChain' to: [/*]
2018-07-10 21:46:05.168  INFO 9690 --- [localhost-startStop-1] o.s.b.w.servlet.ServletRegistrationBean  : Servlet dispatcherServlet mapped to [/]
2018-07-10 21:46:05.368  INFO 9690 --- [restartedMain] com.zaxxer.hikari.HikariDataSource       : HikariPool-1 - Starting...
2018-07-10 21:46:05.734  INFO 9690 --- [restartedMain] com.zaxxer.hikari.HikariDataSource       : HikariPool-1 - Start completed.
2018-07-10 21:46:05.790  INFO 9690 --- [restartedMain] j.LocalContainerEntityManagerFactoryBean : Building JPA container EntityManagerFactory for persistence unit 'default'
2018-07-10 21:46:05.802  INFO 9690 --- [restartedMain] o.hibernate.jpa.internal.util.LogHelper  : HHH000204: Processing PersistenceUnitInfo [
	name: default
	...]
2018-07-10 21:46:05.887  INFO 9690 --- [restartedMain] org.hibernate.Version                    : HHH000412: Hibernate Core {5.2.17.Final}
2018-07-10 21:46:05.888  INFO 9690 --- [restartedMain] org.hibernate.cfg.Environment            : HHH000206: hibernate.properties not found
2018-07-10 21:46:05.924  INFO 9690 --- [restartedMain] o.hibernate.annotations.common.Version   : HCANN000001: Hibernate Commons Annotations {5.0.1.Final}
2018-07-10 21:46:06.035  INFO 9690 --- [restartedMain] org.hibernate.dialect.Dialect            : HHH000400: Using dialect: org.hibernate.dialect.MySQL5Dialect
2018-07-10 21:46:06.798  INFO 9690 --- [restartedMain] j.LocalContainerEntityManagerFactoryBean : Initialized JPA EntityManagerFactory for persistence unit 'default'
2018-07-10 21:46:07.348  WARN 9690 --- [restartedMain] o.s.s.o.p.t.s.JwtAccessTokenConverter    : Unable to create an RSA verifier from verifierKey (ignoreable if using MAC)
2018-07-10 21:46:07.464  INFO 9690 --- [restartedMain] .s.o.p.e.FrameworkEndpointHandlerMapping : Mapped "{[/oauth/authorize]}" onto public org.springframework.web.servlet.ModelAndView org.springframework.security.oauth2.provider.endpoint.AuthorizationEndpoint.authorize(java.util.Map<java.lang.String, java.lang.Object>,java.util.Map<java.lang.String, java.lang.String>,org.springframework.web.bind.support.SessionStatus,java.security.Principal)
2018-07-10 21:46:07.465  INFO 9690 --- [restartedMain] .s.o.p.e.FrameworkEndpointHandlerMapping : Mapped "{[/oauth/authorize],methods=[POST],params=[user_oauth_approval]}" onto public org.springframework.web.servlet.View org.springframework.security.oauth2.provider.endpoint.AuthorizationEndpoint.approveOrDeny(java.util.Map<java.lang.String, java.lang.String>,java.util.Map<java.lang.String, ?>,org.springframework.web.bind.support.SessionStatus,java.security.Principal)
2018-07-10 21:46:07.466  INFO 9690 --- [restartedMain] .s.o.p.e.FrameworkEndpointHandlerMapping : Mapped "{[/oauth/token],methods=[POST]}" onto public org.springframework.http.ResponseEntity<org.springframework.security.oauth2.common.OAuth2AccessToken> org.springframework.security.oauth2.provider.endpoint.TokenEndpoint.postAccessToken(java.security.Principal,java.util.Map<java.lang.String, java.lang.String>) throws org.springframework.web.HttpRequestMethodNotSupportedException
2018-07-10 21:46:07.467  INFO 9690 --- [restartedMain] .s.o.p.e.FrameworkEndpointHandlerMapping : Mapped "{[/oauth/token],methods=[GET]}" onto public org.springframework.http.ResponseEntity<org.springframework.security.oauth2.common.OAuth2AccessToken> org.springframework.security.oauth2.provider.endpoint.TokenEndpoint.getAccessToken(java.security.Principal,java.util.Map<java.lang.String, java.lang.String>) throws org.springframework.web.HttpRequestMethodNotSupportedException
2018-07-10 21:46:07.467  INFO 9690 --- [restartedMain] .s.o.p.e.FrameworkEndpointHandlerMapping : Mapped "{[/oauth/check_token]}" onto public java.util.Map<java.lang.String, ?> org.springframework.security.oauth2.provider.endpoint.CheckTokenEndpoint.checkToken(java.lang.String)
2018-07-10 21:46:07.468  INFO 9690 --- [restartedMain] .s.o.p.e.FrameworkEndpointHandlerMapping : Mapped "{[/oauth/confirm_access]}" onto public org.springframework.web.servlet.ModelAndView org.springframework.security.oauth2.provider.endpoint.WhitelabelApprovalEndpoint.getAccessConfirmation(java.util.Map<java.lang.String, java.lang.Object>,javax.servlet.http.HttpServletRequest) throws java.lang.Exception
2018-07-10 21:46:07.468  INFO 9690 --- [restartedMain] .s.o.p.e.FrameworkEndpointHandlerMapping : Mapped "{[/oauth/error]}" onto public org.springframework.web.servlet.ModelAndView org.springframework.security.oauth2.provider.endpoint.WhitelabelErrorEndpoint.handleError(javax.servlet.http.HttpServletRequest)
2018-07-10 21:46:07.472  INFO 9690 --- [restartedMain] .s.o.p.e.FrameworkEndpointHandlerMapping : Mapped "{[/oauth/token_key],methods=[GET]}" onto public java.util.Map<java.lang.String, java.lang.String> org.springframework.security.oauth2.provider.endpoint.TokenKeyEndpoint.getKey(java.security.Principal)
2018-07-10 21:46:08.045  WARN 9690 --- [restartedMain] aWebConfiguration$JpaWebMvcConfiguration : spring.jpa.open-in-view is enabled by default. Therefore, database queries may be performed during view rendering. Explicitly configure spring.jpa.open-in-view to disable this warning
2018-07-10 21:46:08.621  INFO 9690 --- [restartedMain] o.s.s.web.DefaultSecurityFilterChain     : Creating filter chain: OrRequestMatcher [requestMatchers=[Ant [pattern='/oauth/token'], Ant [pattern='/oauth/token_key'], Ant [pattern='/oauth/check_token']]], [org.springframework.security.web.context.request.async.WebAsyncManagerIntegrationFilter@349f9b19, org.springframework.security.web.context.SecurityContextPersistenceFilter@36d90d52, org.springframework.security.web.header.HeaderWriterFilter@625a402, org.springframework.security.web.authentication.logout.LogoutFilter@3071bb32, org.springframework.security.web.authentication.www.BasicAuthenticationFilter@dd801c0, org.springframework.security.web.savedrequest.RequestCacheAwareFilter@7848da3c, org.springframework.security.web.servletapi.SecurityContextHolderAwareRequestFilter@6fdb0119, org.springframework.security.web.authentication.AnonymousAuthenticationFilter@7d15c2a8, org.springframework.security.web.session.SessionManagementFilter@517cd6d0, org.springframework.security.web.access.ExceptionTranslationFilter@77aa89b, org.springframework.security.web.access.intercept.FilterSecurityInterceptor@5c62f2a6]
2018-07-10 21:46:08.637  INFO 9690 --- [restartedMain] o.s.s.web.DefaultSecurityFilterChain     : Creating filter chain: org.springframework.security.oauth2.config.annotation.web.configuration.ResourceServerConfiguration$NotOAuthRequestMatcher@99cf7, [org.springframework.security.web.context.request.async.WebAsyncManagerIntegrationFilter@2e363485, org.springframework.security.web.context.SecurityContextPersistenceFilter@296d7089, org.springframework.security.web.header.HeaderWriterFilter@2be35658, org.springframework.security.web.authentication.logout.LogoutFilter@30c56487, org.springframework.security.oauth2.provider.authentication.OAuth2AuthenticationProcessingFilter@21f2ac22, org.springframework.security.web.savedrequest.RequestCacheAwareFilter@5d680666, org.springframework.security.web.servletapi.SecurityContextHolderAwareRequestFilter@6c08da05, org.springframework.security.web.authentication.AnonymousAuthenticationFilter@1ed9f958, org.springframework.security.web.session.SessionManagementFilter@7dc43ab1, org.springframework.security.web.access.ExceptionTranslationFilter@68e38240, org.springframework.security.web.access.intercept.FilterSecurityInterceptor@4b275ad8]
2018-07-10 21:46:08.639  INFO 9690 --- [restartedMain] o.s.s.web.DefaultSecurityFilterChain     : Creating filter chain: org.springframework.security.web.util.matcher.AnyRequestMatcher@1, [org.springframework.security.web.context.request.async.WebAsyncManagerIntegrationFilter@5e37d54e, org.springframework.security.web.context.SecurityContextPersistenceFilter@2023d637, org.springframework.security.web.header.HeaderWriterFilter@779800d8, org.springframework.security.web.authentication.logout.LogoutFilter@601b2514, org.springframework.security.web.savedrequest.RequestCacheAwareFilter@57d62daa, org.springframework.security.web.servletapi.SecurityContextHolderAwareRequestFilter@607f7948, org.springframework.security.web.authentication.AnonymousAuthenticationFilter@386a085f, org.springframework.security.web.session.SessionManagementFilter@38070c67, org.springframework.security.web.access.ExceptionTranslationFilter@3d694d74]
2018-07-10 21:46:08.737  INFO 9690 --- [restartedMain] o.s.b.d.a.OptionalLiveReloadServer       : LiveReload server is running on port 35729
2018-07-10 21:46:08.781  INFO 9690 --- [restartedMain] o.s.j.e.a.AnnotationMBeanExporter        : Registering beans for JMX exposure on startup
2018-07-10 21:46:08.783  INFO 9690 --- [restartedMain] o.s.j.e.a.AnnotationMBeanExporter        : Bean with name 'dataSource' has been autodetected for JMX exposure
2018-07-10 21:46:08.790  INFO 9690 --- [restartedMain] o.s.j.e.a.AnnotationMBeanExporter        : Located MBean 'dataSource': registering with JMX server as MBean [com.zaxxer.hikari:name=dataSource,type=HikariDataSource]
2018-07-10 21:46:08.835  INFO 9690 --- [restartedMain] o.s.b.w.embedded.tomcat.TomcatWebServer  : Tomcat started on port(s): 8070 (http) with context path ''
2018-07-10 21:46:08.840  INFO 9690 --- [restartedMain] com.bridgelabz.todo.TodoApplication      : Started TodoApplication in 7.048 seconds (JVM running for 7.877)
2018-07-10 21:47:19.883  INFO 9690 --- [http-nio-8070-exec-2] o.a.c.c.C.[Tomcat].[localhost].[/]       : Initializing Spring FrameworkServlet 'dispatcherServlet'
2018-07-10 21:47:20.082  INFO 9690 --- [http-nio-8070-exec-2] c.b.t.user.filters.LoggingInterceptor    : Request for /notes/create with request id: 733914c7-9784-4e01-a2d8-e46234176d65
2018-07-10 21:47:49.585  INFO 9690 --- [Thread-6] ConfigServletWebServerApplicationContext : Closing org.springframework.boot.web.servlet.context.AnnotationConfigServletWebServerApplicationContext@4363c512: startup date [Tue Jul 10 21:46:02 IST 2018]; root of context hierarchy
2018-07-10 21:47:49.590  INFO 9690 --- [Thread-6] o.s.j.e.a.AnnotationMBeanExporter        : Unregistering JMX-exposed beans on shutdown
2018-07-10 21:47:49.591  INFO 9690 --- [Thread-6] o.s.j.e.a.AnnotationMBeanExporter        : Unregistering JMX-exposed beans
2018-07-10 21:47:49.594  INFO 9690 --- [Thread-6] j.LocalContainerEntityManagerFactoryBean : Closing JPA EntityManagerFactory for persistence unit 'default'
2018-07-10 21:47:49.597  INFO 9690 --- [Thread-6] com.zaxxer.hikari.HikariDataSource       : HikariPool-1 - Shutdown initiated...
2018-07-10 21:47:49.609  INFO 9690 --- [Thread-6] com.zaxxer.hikari.HikariDataSource       : HikariPool-1 - Shutdown completed.
2018-07-10 21:47:50.119  INFO 9690 --- [restartedMain] com.bridgelabz.todo.TodoApplication      : Starting TodoApplication on SidsPC with PID 9690 (/home/sid/Sid/TodoWorkplace/todonew/target/classes started by sid in /home/sid/Sid/TodoWorkplace/todonew)
2018-07-10 21:47:50.120 DEBUG 9690 --- [restartedMain] com.bridgelabz.todo.TodoApplication      : Running with Spring Boot v2.0.3.RELEASE, Spring v5.0.7.RELEASE
2018-07-10 21:47:50.121  INFO 9690 --- [restartedMain] com.bridgelabz.todo.TodoApplication      : No active profile set, falling back to default profiles: default
2018-07-10 21:47:50.137  INFO 9690 --- [restartedMain] ConfigServletWebServerApplicationContext : Refreshing org.springframework.boot.web.servlet.context.AnnotationConfigServletWebServerApplicationContext@382c5da6: startup date [Tue Jul 10 21:47:50 IST 2018]; root of context hierarchy
2018-07-10 21:47:50.772  INFO 9690 --- [restartedMain] trationDelegate$BeanPostProcessorChecker : Bean 'org.springframework.transaction.annotation.ProxyTransactionManagementConfiguration' of type [org.springframework.transaction.annotation.ProxyTransactionManagementConfiguration$$EnhancerBySpringCGLIB$$ed6f83ad] is not eligible for getting processed by all BeanPostProcessors (for example: not eligible for auto-proxying)
2018-07-10 21:47:50.843  INFO 9690 --- [restartedMain] o.s.b.w.embedded.tomcat.TomcatWebServer  : Tomcat initialized with port(s): 8070 (http)
2018-07-10 21:47:50.844  INFO 9690 --- [restartedMain] o.apache.catalina.core.StandardService   : Starting service [Tomcat]
2018-07-10 21:47:50.845  INFO 9690 --- [restartedMain] org.apache.catalina.core.StandardEngine  : Starting Servlet Engine: Apache Tomcat/8.5.31
2018-07-10 21:47:50.854  INFO 9690 --- [localhost-startStop-1] o.a.c.c.C.[Tomcat].[localhost].[/]       : Initializing Spring embedded WebApplicationContext
2018-07-10 21:47:50.906  INFO 9690 --- [localhost-startStop-1] o.s.b.w.servlet.FilterRegistrationBean   : Mapping filter: 'characterEncodingFilter' to: [/*]
2018-07-10 21:47:50.906  INFO 9690 --- [localhost-startStop-1] o.s.b.w.servlet.FilterRegistrationBean   : Mapping filter: 'hiddenHttpMethodFilter' to: [/*]
2018-07-10 21:47:50.907  INFO 9690 --- [localhost-startStop-1] o.s.b.w.servlet.FilterRegistrationBean   : Mapping filter: 'httpPutFormContentFilter' to: [/*]
2018-07-10 21:47:50.907  INFO 9690 --- [localhost-startStop-1] o.s.b.w.servlet.FilterRegistrationBean   : Mapping filter: 'requestContextFilter' to: [/*]
2018-07-10 21:47:50.907  INFO 9690 --- [localhost-startStop-1] .s.DelegatingFilterProxyRegistrationBean : Mapping filter: 'springSecurityFilterChain' to: [/*]
2018-07-10 21:47:50.907  INFO 9690 --- [localhost-startStop-1] o.s.b.w.servlet.ServletRegistrationBean  : Servlet dispatcherServlet mapped to [/]
2018-07-10 21:47:50.971  INFO 9690 --- [restartedMain] com.zaxxer.hikari.HikariDataSource       : HikariPool-2 - Starting...
2018-07-10 21:47:50.977  INFO 9690 --- [restartedMain] com.zaxxer.hikari.HikariDataSource       : HikariPool-2 - Start completed.
2018-07-10 21:47:50.985  INFO 9690 --- [restartedMain] j.LocalContainerEntityManagerFactoryBean : Building JPA container EntityManagerFactory for persistence unit 'default'
2018-07-10 21:47:50.986  INFO 9690 --- [restartedMain] o.hibernate.jpa.internal.util.LogHelper  : HHH000204: Processing PersistenceUnitInfo [
	name: default
	...]
2018-07-10 21:47:50.998  INFO 9690 --- [restartedMain] org.hibernate.dialect.Dialect            : HHH000400: Using dialect: org.hibernate.dialect.MySQL5Dialect
2018-07-10 21:47:51.262  INFO 9690 --- [restartedMain] j.LocalContainerEntityManagerFactoryBean : Initialized JPA EntityManagerFactory for persistence unit 'default'
2018-07-10 21:47:51.503  WARN 9690 --- [restartedMain] o.s.s.o.p.t.s.JwtAccessTokenConverter    : Unable to create an RSA verifier from verifierKey (ignoreable if using MAC)
2018-07-10 21:47:51.526  INFO 9690 --- [restartedMain] .s.o.p.e.FrameworkEndpointHandlerMapping : Mapped "{[/oauth/authorize]}" onto public org.springframework.web.servlet.ModelAndView org.springframework.security.oauth2.provider.endpoint.AuthorizationEndpoint.authorize(java.util.Map<java.lang.String, java.lang.Object>,java.util.Map<java.lang.String, java.lang.String>,org.springframework.web.bind.support.SessionStatus,java.security.Principal)
2018-07-10 21:47:51.527  INFO 9690 --- [restartedMain] .s.o.p.e.FrameworkEndpointHandlerMapping : Mapped "{[/oauth/authorize],methods=[POST],params=[user_oauth_approval]}" onto public org.springframework.web.servlet.View org.springframework.security.oauth2.provider.endpoint.AuthorizationEndpoint.approveOrDeny(java.util.Map<java.lang.String, java.lang.String>,java.util.Map<java.lang.String, ?>,org.springframework.web.bind.support.SessionStatus,java.security.Principal)
2018-07-10 21:47:51.527  INFO 9690 --- [restartedMain] .s.o.p.e.FrameworkEndpointHandlerMapping : Mapped "{[/oauth/token],methods=[POST]}" onto public org.springframework.http.ResponseEntity<org.springframework.security.oauth2.common.OAuth2AccessToken> org.springframework.security.oauth2.provider.endpoint.TokenEndpoint.postAccessToken(java.security.Principal,java.util.Map<java.lang.String, java.lang.String>) throws org.springframework.web.HttpRequestMethodNotSupportedException
2018-07-10 21:47:51.527  INFO 9690 --- [restartedMain] .s.o.p.e.FrameworkEndpointHandlerMapping : Mapped "{[/oauth/token],methods=[GET]}" onto public org.springframework.http.ResponseEntity<org.springframework.security.oauth2.common.OAuth2AccessToken> org.springframework.security.oauth2.provider.endpoint.TokenEndpoint.getAccessToken(java.security.Principal,java.util.Map<java.lang.String, java.lang.String>) throws org.springframework.web.HttpRequestMethodNotSupportedException
2018-07-10 21:47:51.528  INFO 9690 --- [restartedMain] .s.o.p.e.FrameworkEndpointHandlerMapping : Mapped "{[/oauth/check_token]}" onto public java.util.Map<java.lang.String, ?> org.springframework.security.oauth2.provider.endpoint.CheckTokenEndpoint.checkToken(java.lang.String)
2018-07-10 21:47:51.529  INFO 9690 --- [restartedMain] .s.o.p.e.FrameworkEndpointHandlerMapping : Mapped "{[/oauth/confirm_access]}" onto public org.springframework.web.servlet.ModelAndView org.springframework.security.oauth2.provider.endpoint.WhitelabelApprovalEndpoint.getAccessConfirmation(java.util.Map<java.lang.String, java.lang.Object>,javax.servlet.http.HttpServletRequest) throws java.lang.Exception
2018-07-10 21:47:51.530  INFO 9690 --- [restartedMain] .s.o.p.e.FrameworkEndpointHandlerMapping : Mapped "{[/oauth/error]}" onto public org.springframework.web.servlet.ModelAndView org.springframework.security.oauth2.provider.endpoint.WhitelabelErrorEndpoint.handleError(javax.servlet.http.HttpServletRequest)
2018-07-10 21:47:51.533  INFO 9690 --- [restartedMain] .s.o.p.e.FrameworkEndpointHandlerMapping : Mapped "{[/oauth/token_key],methods=[GET]}" onto public java.util.Map<java.lang.String, java.lang.String> org.springframework.security.oauth2.provider.endpoint.TokenKeyEndpoint.getKey(java.security.Principal)
2018-07-10 21:47:51.750  WARN 9690 --- [restartedMain] aWebConfiguration$JpaWebMvcConfiguration : spring.jpa.open-in-view is enabled by default. Therefore, database queries may be performed during view rendering. Explicitly configure spring.jpa.open-in-view to disable this warning
2018-07-10 21:47:51.857  INFO 9690 --- [restartedMain] o.s.s.web.DefaultSecurityFilterChain     : Creating filter chain: OrRequestMatcher [requestMatchers=[Ant [pattern='/oauth/token'], Ant [pattern='/oauth/token_key'], Ant [pattern='/oauth/check_token']]], [org.springframework.security.web.context.request.async.WebAsyncManagerIntegrationFilter@3e00046a, org.springframework.security.web.context.SecurityContextPersistenceFilter@7241f3b2, org.springframework.security.web.header.HeaderWriterFilter@73cff85d, org.springframework.security.web.authentication.logout.LogoutFilter@63e98ba5, org.springframework.security.web.authentication.www.BasicAuthenticationFilter@43cefa0c, org.springframework.security.web.savedrequest.RequestCacheAwareFilter@258abf6b, org.springframework.security.web.servletapi.SecurityContextHolderAwareRequestFilter@290bb697, org.springframework.security.web.authentication.AnonymousAuthenticationFilter@238feac1, org.springframework.security.web.session.SessionManagementFilter@2eec8883, org.springframework.security.web.access.ExceptionTranslationFilter@62a26cf, org.springframework.security.web.access.intercept.FilterSecurityInterceptor@494e9848]
2018-07-10 21:47:51.864  INFO 9690 --- [restartedMain] o.s.s.web.DefaultSecurityFilterChain     : Creating filter chain: org.springframework.security.oauth2.config.annotation.web.configuration.ResourceServerConfiguration$NotOAuthRequestMatcher@4d51f270, [org.springframework.security.web.context.request.async.WebAsyncManagerIntegrationFilter@1a6f86de, org.springframework.security.web.context.SecurityContextPersistenceFilter@3f7a56c9, org.springframework.security.web.header.HeaderWriterFilter@7653b734, org.springframework.security.web.authentication.logout.LogoutFilter@4a0a54b1, org.springframework.security.oauth2.provider.authentication.OAuth2AuthenticationProcessingFilter@2278a1fd, org.springframework.security.web.savedrequest.RequestCacheAwareFilter@70ed654b, org.springframework.security.web.servletapi.SecurityContextHolderAwareRequestFilter@1b6c9675, org.springframework.security.web.authentication.AnonymousAuthenticationFilter@5d343b87, org.springframework.security.web.session.SessionManagementFilter@5dc18edf, org.springframework.security.web.access.ExceptionTranslationFilter@28fce481, org.springframework.security.web.access.intercept.FilterSecurityInterceptor@11b90902]
2018-07-10 21:47:51.866  INFO 9690 --- [restartedMain] o.s.s.web.DefaultSecurityFilterChain     : Creating filter chain: org.springframework.security.web.util.matcher.AnyRequestMatcher@1, [org.springframework.security.web.context.request.async.WebAsyncManagerIntegrationFilter@3bab5f2e, org.springframework.security.web.context.SecurityContextPersistenceFilter@2113915f, org.springframework.security.web.header.HeaderWriterFilter@3e087ef4, org.springframework.security.web.authentication.logout.LogoutFilter@68fbfc9, org.springframework.security.web.savedrequest.RequestCacheAwareFilter@40c7809d, org.springframework.security.web.servletapi.SecurityContextHolderAwareRequestFilter@3dc5a9af, org.springframework.security.web.authentication.AnonymousAuthenticationFilter@4714f3ae, org.springframework.security.web.session.SessionManagementFilter@1b7400ae, org.springframework.security.web.access.ExceptionTranslationFilter@5cb7a040]
2018-07-10 21:47:51.883  INFO 9690 --- [restartedMain] o.s.b.d.a.OptionalLiveReloadServer       : LiveReload server is running on port 35729
2018-07-10 21:47:51.908  INFO 9690 --- [restartedMain] o.s.j.e.a.AnnotationMBeanExporter        : Registering beans for JMX exposure on startup
2018-07-10 21:47:51.909  INFO 9690 --- [restartedMain] o.s.j.e.a.AnnotationMBeanExporter        : Bean with name 'dataSource' has been autodetected for JMX exposure
2018-07-10 21:47:51.914  INFO 9690 --- [restartedMain] o.s.j.e.a.AnnotationMBeanExporter        : Located MBean 'dataSource': registering with JMX server as MBean [com.zaxxer.hikari:name=dataSource,type=HikariDataSource]
2018-07-10 21:47:51.922  INFO 9690 --- [restartedMain] o.s.b.w.embedded.tomcat.TomcatWebServer  : Tomcat started on port(s): 8070 (http) with context path ''
2018-07-10 21:47:51.924  INFO 9690 --- [restartedMain] com.bridgelabz.todo.TodoApplication      : Started TodoApplication in 1.914 seconds (JVM running for 110.96)
2018-07-10 21:47:51.928  INFO 9690 --- [restartedMain] .ConditionEvaluationDeltaLoggingListener : Condition evaluation unchanged
2018-07-10 21:48:00.730  INFO 9690 --- [http-nio-8070-exec-3] o.a.c.c.C.[Tomcat].[localhost].[/]       : Initializing Spring FrameworkServlet 'dispatcherServlet'
2018-07-10 21:48:00.749  INFO 9690 --- [http-nio-8070-exec-3] c.b.t.user.filters.LoggingInterceptor    : Request for /notes/create with request id: 53aba310-b734-4220-a317-fce34798dbc7
2018-07-10 21:50:38.012  INFO 9690 --- [Thread-10] ConfigServletWebServerApplicationContext : Closing org.springframework.boot.web.servlet.context.AnnotationConfigServletWebServerApplicationContext@382c5da6: startup date [Tue Jul 10 21:47:50 IST 2018]; root of context hierarchy
2018-07-10 21:50:38.019  INFO 9690 --- [Thread-10] o.s.j.e.a.AnnotationMBeanExporter        : Unregistering JMX-exposed beans on shutdown
2018-07-10 21:50:38.019  INFO 9690 --- [Thread-10] o.s.j.e.a.AnnotationMBeanExporter        : Unregistering JMX-exposed beans
2018-07-10 21:50:38.020  INFO 9690 --- [Thread-10] j.LocalContainerEntityManagerFactoryBean : Closing JPA EntityManagerFactory for persistence unit 'default'
2018-07-10 21:50:38.021  INFO 9690 --- [Thread-10] com.zaxxer.hikari.HikariDataSource       : HikariPool-2 - Shutdown initiated...
2018-07-10 21:50:38.030  INFO 9690 --- [Thread-10] com.zaxxer.hikari.HikariDataSource       : HikariPool-2 - Shutdown completed.
2018-07-10 21:50:38.441  INFO 9690 --- [restartedMain] com.bridgelabz.todo.TodoApplication      : Starting TodoApplication on SidsPC with PID 9690 (/home/sid/Sid/TodoWorkplace/todonew/target/classes started by sid in /home/sid/Sid/TodoWorkplace/todonew)
2018-07-10 21:50:38.441 DEBUG 9690 --- [restartedMain] com.bridgelabz.todo.TodoApplication      : Running with Spring Boot v2.0.3.RELEASE, Spring v5.0.7.RELEASE
2018-07-10 21:50:38.441  INFO 9690 --- [restartedMain] com.bridgelabz.todo.TodoApplication      : No active profile set, falling back to default profiles: default
2018-07-10 21:50:38.446  INFO 9690 --- [restartedMain] ConfigServletWebServerApplicationContext : Refreshing org.springframework.boot.web.servlet.context.AnnotationConfigServletWebServerApplicationContext@7078921d: startup date [Tue Jul 10 21:50:38 IST 2018]; root of context hierarchy
2018-07-10 21:50:38.970  INFO 9690 --- [restartedMain] trationDelegate$BeanPostProcessorChecker : Bean 'org.springframework.transaction.annotation.ProxyTransactionManagementConfiguration' of type [org.springframework.transaction.annotation.ProxyTransactionManagementConfiguration$$EnhancerBySpringCGLIB$$ed6f83ad] is not eligible for getting processed by all BeanPostProcessors (for example: not eligible for auto-proxying)
2018-07-10 21:50:39.035  INFO 9690 --- [restartedMain] o.s.b.w.embedded.tomcat.TomcatWebServer  : Tomcat initialized with port(s): 8070 (http)
2018-07-10 21:50:39.036  INFO 9690 --- [restartedMain] o.apache.catalina.core.StandardService   : Starting service [Tomcat]
2018-07-10 21:50:39.036  INFO 9690 --- [restartedMain] org.apache.catalina.core.StandardEngine  : Starting Servlet Engine: Apache Tomcat/8.5.31
2018-07-10 21:50:39.042  INFO 9690 --- [localhost-startStop-1] o.a.c.c.C.[Tomcat].[localhost].[/]       : Initializing Spring embedded WebApplicationContext
2018-07-10 21:50:39.084  INFO 9690 --- [localhost-startStop-1] o.s.b.w.servlet.FilterRegistrationBean   : Mapping filter: 'characterEncodingFilter' to: [/*]
2018-07-10 21:50:39.084  INFO 9690 --- [localhost-startStop-1] o.s.b.w.servlet.FilterRegistrationBean   : Mapping filter: 'hiddenHttpMethodFilter' to: [/*]
2018-07-10 21:50:39.085  INFO 9690 --- [localhost-startStop-1] o.s.b.w.servlet.FilterRegistrationBean   : Mapping filter: 'httpPutFormContentFilter' to: [/*]
2018-07-10 21:50:39.085  INFO 9690 --- [localhost-startStop-1] o.s.b.w.servlet.FilterRegistrationBean   : Mapping filter: 'requestContextFilter' to: [/*]
2018-07-10 21:50:39.085  INFO 9690 --- [localhost-startStop-1] .s.DelegatingFilterProxyRegistrationBean : Mapping filter: 'springSecurityFilterChain' to: [/*]
2018-07-10 21:50:39.085  INFO 9690 --- [localhost-startStop-1] o.s.b.w.servlet.ServletRegistrationBean  : Servlet dispatcherServlet mapped to [/]
2018-07-10 21:50:39.139  INFO 9690 --- [restartedMain] com.zaxxer.hikari.HikariDataSource       : HikariPool-3 - Starting...
2018-07-10 21:50:39.143  INFO 9690 --- [restartedMain] com.zaxxer.hikari.HikariDataSource       : HikariPool-3 - Start completed.
2018-07-10 21:50:39.154  INFO 9690 --- [restartedMain] j.LocalContainerEntityManagerFactoryBean : Building JPA container EntityManagerFactory for persistence unit 'default'
2018-07-10 21:50:39.154  INFO 9690 --- [restartedMain] o.hibernate.jpa.internal.util.LogHelper  : HHH000204: Processing PersistenceUnitInfo [
	name: default
	...]
2018-07-10 21:50:39.161  INFO 9690 --- [restartedMain] org.hibernate.dialect.Dialect            : HHH000400: Using dialect: org.hibernate.dialect.MySQL5Dialect
2018-07-10 21:50:39.416  INFO 9690 --- [restartedMain] j.LocalContainerEntityManagerFactoryBean : Initialized JPA EntityManagerFactory for persistence unit 'default'
2018-07-10 21:50:39.638  WARN 9690 --- [restartedMain] o.s.s.o.p.t.s.JwtAccessTokenConverter    : Unable to create an RSA verifier from verifierKey (ignoreable if using MAC)
2018-07-10 21:50:39.662  INFO 9690 --- [restartedMain] .s.o.p.e.FrameworkEndpointHandlerMapping : Mapped "{[/oauth/authorize]}" onto public org.springframework.web.servlet.ModelAndView org.springframework.security.oauth2.provider.endpoint.AuthorizationEndpoint.authorize(java.util.Map<java.lang.String, java.lang.Object>,java.util.Map<java.lang.String, java.lang.String>,org.springframework.web.bind.support.SessionStatus,java.security.Principal)
2018-07-10 21:50:39.662  INFO 9690 --- [restartedMain] .s.o.p.e.FrameworkEndpointHandlerMapping : Mapped "{[/oauth/authorize],methods=[POST],params=[user_oauth_approval]}" onto public org.springframework.web.servlet.View org.springframework.security.oauth2.provider.endpoint.AuthorizationEndpoint.approveOrDeny(java.util.Map<java.lang.String, java.lang.String>,java.util.Map<java.lang.String, ?>,org.springframework.web.bind.support.SessionStatus,java.security.Principal)
2018-07-10 21:50:39.663  INFO 9690 --- [restartedMain] .s.o.p.e.FrameworkEndpointHandlerMapping : Mapped "{[/oauth/token],methods=[POST]}" onto public org.springframework.http.ResponseEntity<org.springframework.security.oauth2.common.OAuth2AccessToken> org.springframework.security.oauth2.provider.endpoint.TokenEndpoint.postAccessToken(java.security.Principal,java.util.Map<java.lang.String, java.lang.String>) throws org.springframework.web.HttpRequestMethodNotSupportedException
2018-07-10 21:50:39.663  INFO 9690 --- [restartedMain] .s.o.p.e.FrameworkEndpointHandlerMapping : Mapped "{[/oauth/token],methods=[GET]}" onto public org.springframework.http.ResponseEntity<org.springframework.security.oauth2.common.OAuth2AccessToken> org.springframework.security.oauth2.provider.endpoint.TokenEndpoint.getAccessToken(java.security.Principal,java.util.Map<java.lang.String, java.lang.String>) throws org.springframework.web.HttpRequestMethodNotSupportedException
2018-07-10 21:50:39.664  INFO 9690 --- [restartedMain] .s.o.p.e.FrameworkEndpointHandlerMapping : Mapped "{[/oauth/check_token]}" onto public java.util.Map<java.lang.String, ?> org.springframework.security.oauth2.provider.endpoint.CheckTokenEndpoint.checkToken(java.lang.String)
2018-07-10 21:50:39.664  INFO 9690 --- [restartedMain] .s.o.p.e.FrameworkEndpointHandlerMapping : Mapped "{[/oauth/confirm_access]}" onto public org.springframework.web.servlet.ModelAndView org.springframework.security.oauth2.provider.endpoint.WhitelabelApprovalEndpoint.getAccessConfirmation(java.util.Map<java.lang.String, java.lang.Object>,javax.servlet.http.HttpServletRequest) throws java.lang.Exception
2018-07-10 21:50:39.665  INFO 9690 --- [restartedMain] .s.o.p.e.FrameworkEndpointHandlerMapping : Mapped "{[/oauth/error]}" onto public org.springframework.web.servlet.ModelAndView org.springframework.security.oauth2.provider.endpoint.WhitelabelErrorEndpoint.handleError(javax.servlet.http.HttpServletRequest)
2018-07-10 21:50:39.668  INFO 9690 --- [restartedMain] .s.o.p.e.FrameworkEndpointHandlerMapping : Mapped "{[/oauth/token_key],methods=[GET]}" onto public java.util.Map<java.lang.String, java.lang.String> org.springframework.security.oauth2.provider.endpoint.TokenKeyEndpoint.getKey(java.security.Principal)
2018-07-10 21:50:39.901  WARN 9690 --- [restartedMain] aWebConfiguration$JpaWebMvcConfiguration : spring.jpa.open-in-view is enabled by default. Therefore, database queries may be performed during view rendering. Explicitly configure spring.jpa.open-in-view to disable this warning
2018-07-10 21:50:40.009  INFO 9690 --- [restartedMain] o.s.s.web.DefaultSecurityFilterChain     : Creating filter chain: OrRequestMatcher [requestMatchers=[Ant [pattern='/oauth/token'], Ant [pattern='/oauth/token_key'], Ant [pattern='/oauth/check_token']]], [org.springframework.security.web.context.request.async.WebAsyncManagerIntegrationFilter@186a68de, org.springframework.security.web.context.SecurityContextPersistenceFilter@62d3a224, org.springframework.security.web.header.HeaderWriterFilter@500ab1fa, org.springframework.security.web.authentication.logout.LogoutFilter@319c02ab, org.springframework.security.web.authentication.www.BasicAuthenticationFilter@162dd61d, org.springframework.security.web.savedrequest.RequestCacheAwareFilter@7d16928d, org.springframework.security.web.servletapi.SecurityContextHolderAwareRequestFilter@781669b4, org.springframework.security.web.authentication.AnonymousAuthenticationFilter@77b17dac, org.springframework.security.web.session.SessionManagementFilter@1efaf73a, org.springframework.security.web.access.ExceptionTranslationFilter@692ece95, org.springframework.security.web.access.intercept.FilterSecurityInterceptor@f765a21]
2018-07-10 21:50:40.015  INFO 9690 --- [restartedMain] o.s.s.web.DefaultSecurityFilterChain     : Creating filter chain: org.springframework.security.oauth2.config.annotation.web.configuration.ResourceServerConfiguration$NotOAuthRequestMatcher@2bb58e9c, [org.springframework.security.web.context.request.async.WebAsyncManagerIntegrationFilter@3d6e0236, org.springframework.security.web.context.SecurityContextPersistenceFilter@115e72f0, org.springframework.security.web.header.HeaderWriterFilter@6584a12a, org.springframework.security.web.authentication.logout.LogoutFilter@7af45c4a, org.springframework.security.oauth2.provider.authentication.OAuth2AuthenticationProcessingFilter@3cdffe96, org.springframework.security.web.savedrequest.RequestCacheAwareFilter@1644db14, org.springframework.security.web.servletapi.SecurityContextHolderAwareRequestFilter@5609b507, org.springframework.security.web.authentication.AnonymousAuthenticationFilter@309fb85b, org.springframework.security.web.session.SessionManagementFilter@2e40423e, org.springframework.security.web.access.ExceptionTranslationFilter@506afef9, org.springframework.security.web.access.intercept.FilterSecurityInterceptor@345df115]
2018-07-10 21:50:40.016  INFO 9690 --- [restartedMain] o.s.s.web.DefaultSecurityFilterChain     : Creating filter chain: org.springframework.security.web.util.matcher.AnyRequestMatcher@1, [org.springframework.security.web.context.request.async.WebAsyncManagerIntegrationFilter@73f632a9, org.springframework.security.web.context.SecurityContextPersistenceFilter@55ffef2b, org.springframework.security.web.header.HeaderWriterFilter@e967715, org.springframework.security.web.authentication.logout.LogoutFilter@59da080e, org.springframework.security.web.savedrequest.RequestCacheAwareFilter@12015d18, org.springframework.security.web.servletapi.SecurityContextHolderAwareRequestFilter@2f12ae92, org.springframework.security.web.authentication.AnonymousAuthenticationFilter@6b075852, org.springframework.security.web.session.SessionManagementFilter@5e950563, org.springframework.security.web.access.ExceptionTranslationFilter@6cf5698d]
2018-07-10 21:50:40.036  INFO 9690 --- [restartedMain] o.s.b.d.a.OptionalLiveReloadServer       : LiveReload server is running on port 35729
2018-07-10 21:50:40.062  INFO 9690 --- [restartedMain] o.s.j.e.a.AnnotationMBeanExporter        : Registering beans for JMX exposure on startup
2018-07-10 21:50:40.063  INFO 9690 --- [restartedMain] o.s.j.e.a.AnnotationMBeanExporter        : Bean with name 'dataSource' has been autodetected for JMX exposure
2018-07-10 21:50:40.069  INFO 9690 --- [restartedMain] o.s.j.e.a.AnnotationMBeanExporter        : Located MBean 'dataSource': registering with JMX server as MBean [com.zaxxer.hikari:name=dataSource,type=HikariDataSource]
2018-07-10 21:50:40.081  INFO 9690 --- [restartedMain] o.s.b.w.embedded.tomcat.TomcatWebServer  : Tomcat started on port(s): 8070 (http) with context path ''
2018-07-10 21:50:40.082  INFO 9690 --- [restartedMain] com.bridgelabz.todo.TodoApplication      : Started TodoApplication in 1.673 seconds (JVM running for 279.119)
2018-07-10 21:50:40.087  INFO 9690 --- [restartedMain] .ConditionEvaluationDeltaLoggingListener : Condition evaluation unchanged
2018-07-10 21:51:11.577  INFO 9690 --- [Thread-16] ConfigServletWebServerApplicationContext : Closing org.springframework.boot.web.servlet.context.AnnotationConfigServletWebServerApplicationContext@7078921d: startup date [Tue Jul 10 21:50:38 IST 2018]; root of context hierarchy
2018-07-10 21:51:11.581  INFO 9690 --- [Thread-16] o.s.j.e.a.AnnotationMBeanExporter        : Unregistering JMX-exposed beans on shutdown
2018-07-10 21:51:11.582  INFO 9690 --- [Thread-16] o.s.j.e.a.AnnotationMBeanExporter        : Unregistering JMX-exposed beans
2018-07-10 21:51:11.582  INFO 9690 --- [Thread-16] j.LocalContainerEntityManagerFactoryBean : Closing JPA EntityManagerFactory for persistence unit 'default'
2018-07-10 21:51:11.583  INFO 9690 --- [Thread-16] com.zaxxer.hikari.HikariDataSource       : HikariPool-3 - Shutdown initiated...
2018-07-10 21:51:11.587  INFO 9690 --- [Thread-16] com.zaxxer.hikari.HikariDataSource       : HikariPool-3 - Shutdown completed.
2018-07-10 21:51:11.964  INFO 9690 --- [restartedMain] com.bridgelabz.todo.TodoApplication      : Starting TodoApplication on SidsPC with PID 9690 (/home/sid/Sid/TodoWorkplace/todonew/target/classes started by sid in /home/sid/Sid/TodoWorkplace/todonew)
2018-07-10 21:51:11.964 DEBUG 9690 --- [restartedMain] com.bridgelabz.todo.TodoApplication      : Running with Spring Boot v2.0.3.RELEASE, Spring v5.0.7.RELEASE
2018-07-10 21:51:11.964  INFO 9690 --- [restartedMain] com.bridgelabz.todo.TodoApplication      : No active profile set, falling back to default profiles: default
2018-07-10 21:51:11.970  INFO 9690 --- [restartedMain] ConfigServletWebServerApplicationContext : Refreshing org.springframework.boot.web.servlet.context.AnnotationConfigServletWebServerApplicationContext@1459acb8: startup date [Tue Jul 10 21:51:11 IST 2018]; root of context hierarchy
2018-07-10 21:51:12.503  INFO 9690 --- [restartedMain] trationDelegate$BeanPostProcessorChecker : Bean 'org.springframework.transaction.annotation.ProxyTransactionManagementConfiguration' of type [org.springframework.transaction.annotation.ProxyTransactionManagementConfiguration$$EnhancerBySpringCGLIB$$ed6f83ad] is not eligible for getting processed by all BeanPostProcessors (for example: not eligible for auto-proxying)
2018-07-10 21:51:12.561  INFO 9690 --- [restartedMain] o.s.b.w.embedded.tomcat.TomcatWebServer  : Tomcat initialized with port(s): 8070 (http)
2018-07-10 21:51:12.562  INFO 9690 --- [restartedMain] o.apache.catalina.core.StandardService   : Starting service [Tomcat]
2018-07-10 21:51:12.562  INFO 9690 --- [restartedMain] org.apache.catalina.core.StandardEngine  : Starting Servlet Engine: Apache Tomcat/8.5.31
2018-07-10 21:51:12.572  INFO 9690 --- [localhost-startStop-1] o.a.c.c.C.[Tomcat].[localhost].[/]       : Initializing Spring embedded WebApplicationContext
2018-07-10 21:51:12.611  INFO 9690 --- [localhost-startStop-1] o.s.b.w.servlet.FilterRegistrationBean   : Mapping filter: 'characterEncodingFilter' to: [/*]
2018-07-10 21:51:12.611  INFO 9690 --- [localhost-startStop-1] o.s.b.w.servlet.FilterRegistrationBean   : Mapping filter: 'hiddenHttpMethodFilter' to: [/*]
2018-07-10 21:51:12.611  INFO 9690 --- [localhost-startStop-1] o.s.b.w.servlet.FilterRegistrationBean   : Mapping filter: 'httpPutFormContentFilter' to: [/*]
2018-07-10 21:51:12.611  INFO 9690 --- [localhost-startStop-1] o.s.b.w.servlet.FilterRegistrationBean   : Mapping filter: 'requestContextFilter' to: [/*]
2018-07-10 21:51:12.611  INFO 9690 --- [localhost-startStop-1] .s.DelegatingFilterProxyRegistrationBean : Mapping filter: 'springSecurityFilterChain' to: [/*]
2018-07-10 21:51:12.611  INFO 9690 --- [localhost-startStop-1] o.s.b.w.servlet.ServletRegistrationBean  : Servlet dispatcherServlet mapped to [/]
2018-07-10 21:51:12.665  INFO 9690 --- [restartedMain] com.zaxxer.hikari.HikariDataSource       : HikariPool-4 - Starting...
2018-07-10 21:51:12.669  INFO 9690 --- [restartedMain] com.zaxxer.hikari.HikariDataSource       : HikariPool-4 - Start completed.
2018-07-10 21:51:12.678  INFO 9690 --- [restartedMain] j.LocalContainerEntityManagerFactoryBean : Building JPA container EntityManagerFactory for persistence unit 'default'
2018-07-10 21:51:12.678  INFO 9690 --- [restartedMain] o.hibernate.jpa.internal.util.LogHelper  : HHH000204: Processing PersistenceUnitInfo [
	name: default
	...]
2018-07-10 21:51:12.685  INFO 9690 --- [restartedMain] org.hibernate.dialect.Dialect            : HHH000400: Using dialect: org.hibernate.dialect.MySQL5Dialect
2018-07-10 21:51:12.860  INFO 9690 --- [restartedMain] j.LocalContainerEntityManagerFactoryBean : Initialized JPA EntityManagerFactory for persistence unit 'default'
2018-07-10 21:51:13.095  WARN 9690 --- [restartedMain] o.s.s.o.p.t.s.JwtAccessTokenConverter    : Unable to create an RSA verifier from verifierKey (ignoreable if using MAC)
2018-07-10 21:51:13.120  INFO 9690 --- [restartedMain] .s.o.p.e.FrameworkEndpointHandlerMapping : Mapped "{[/oauth/authorize]}" onto public org.springframework.web.servlet.ModelAndView org.springframework.security.oauth2.provider.endpoint.AuthorizationEndpoint.authorize(java.util.Map<java.lang.String, java.lang.Object>,java.util.Map<java.lang.String, java.lang.String>,org.springframework.web.bind.support.SessionStatus,java.security.Principal)
2018-07-10 21:51:13.120  INFO 9690 --- [restartedMain] .s.o.p.e.FrameworkEndpointHandlerMapping : Mapped "{[/oauth/authorize],methods=[POST],params=[user_oauth_approval]}" onto public org.springframework.web.servlet.View org.springframework.security.oauth2.provider.endpoint.AuthorizationEndpoint.approveOrDeny(java.util.Map<java.lang.String, java.lang.String>,java.util.Map<java.lang.String, ?>,org.springframework.web.bind.support.SessionStatus,java.security.Principal)
2018-07-10 21:51:13.121  INFO 9690 --- [restartedMain] .s.o.p.e.FrameworkEndpointHandlerMapping : Mapped "{[/oauth/token],methods=[POST]}" onto public org.springframework.http.ResponseEntity<org.springframework.security.oauth2.common.OAuth2AccessToken> org.springframework.security.oauth2.provider.endpoint.TokenEndpoint.postAccessToken(java.security.Principal,java.util.Map<java.lang.String, java.lang.String>) throws org.springframework.web.HttpRequestMethodNotSupportedException
2018-07-10 21:51:13.121  INFO 9690 --- [restartedMain] .s.o.p.e.FrameworkEndpointHandlerMapping : Mapped "{[/oauth/token],methods=[GET]}" onto public org.springframework.http.ResponseEntity<org.springframework.security.oauth2.common.OAuth2AccessToken> org.springframework.security.oauth2.provider.endpoint.TokenEndpoint.getAccessToken(java.security.Principal,java.util.Map<java.lang.String, java.lang.String>) throws org.springframework.web.HttpRequestMethodNotSupportedException
2018-07-10 21:51:13.122  INFO 9690 --- [restartedMain] .s.o.p.e.FrameworkEndpointHandlerMapping : Mapped "{[/oauth/check_token]}" onto public java.util.Map<java.lang.String, ?> org.springframework.security.oauth2.provider.endpoint.CheckTokenEndpoint.checkToken(java.lang.String)
2018-07-10 21:51:13.122  INFO 9690 --- [restartedMain] .s.o.p.e.FrameworkEndpointHandlerMapping : Mapped "{[/oauth/confirm_access]}" onto public org.springframework.web.servlet.ModelAndView org.springframework.security.oauth2.provider.endpoint.WhitelabelApprovalEndpoint.getAccessConfirmation(java.util.Map<java.lang.String, java.lang.Object>,javax.servlet.http.HttpServletRequest) throws java.lang.Exception
2018-07-10 21:51:13.123  INFO 9690 --- [restartedMain] .s.o.p.e.FrameworkEndpointHandlerMapping : Mapped "{[/oauth/error]}" onto public org.springframework.web.servlet.ModelAndView org.springframework.security.oauth2.provider.endpoint.WhitelabelErrorEndpoint.handleError(javax.servlet.http.HttpServletRequest)
2018-07-10 21:51:13.127  INFO 9690 --- [restartedMain] .s.o.p.e.FrameworkEndpointHandlerMapping : Mapped "{[/oauth/token_key],methods=[GET]}" onto public java.util.Map<java.lang.String, java.lang.String> org.springframework.security.oauth2.provider.endpoint.TokenKeyEndpoint.getKey(java.security.Principal)
2018-07-10 21:51:13.347  WARN 9690 --- [restartedMain] aWebConfiguration$JpaWebMvcConfiguration : spring.jpa.open-in-view is enabled by default. Therefore, database queries may be performed during view rendering. Explicitly configure spring.jpa.open-in-view to disable this warning
2018-07-10 21:51:13.463  INFO 9690 --- [restartedMain] o.s.s.web.DefaultSecurityFilterChain     : Creating filter chain: OrRequestMatcher [requestMatchers=[Ant [pattern='/oauth/token'], Ant [pattern='/oauth/token_key'], Ant [pattern='/oauth/check_token']]], [org.springframework.security.web.context.request.async.WebAsyncManagerIntegrationFilter@6836e4bd, org.springframework.security.web.context.SecurityContextPersistenceFilter@23fd8172, org.springframework.security.web.header.HeaderWriterFilter@4915c870, org.springframework.security.web.authentication.logout.LogoutFilter@5eba36e5, org.springframework.security.web.authentication.www.BasicAuthenticationFilter@6c590605, org.springframework.security.web.savedrequest.RequestCacheAwareFilter@204c6efc, org.springframework.security.web.servletapi.SecurityContextHolderAwareRequestFilter@477d74cd, org.springframework.security.web.authentication.AnonymousAuthenticationFilter@1311bc37, org.springframework.security.web.session.SessionManagementFilter@5d388cd3, org.springframework.security.web.access.ExceptionTranslationFilter@5b7b0938, org.springframework.security.web.access.intercept.FilterSecurityInterceptor@77cac839]
2018-07-10 21:51:13.469  INFO 9690 --- [restartedMain] o.s.s.web.DefaultSecurityFilterChain     : Creating filter chain: org.springframework.security.oauth2.config.annotation.web.configuration.ResourceServerConfiguration$NotOAuthRequestMatcher@6b90dae5, [org.springframework.security.web.context.request.async.WebAsyncManagerIntegrationFilter@2ddb97fb, org.springframework.security.web.context.SecurityContextPersistenceFilter@328351e8, org.springframework.security.web.header.HeaderWriterFilter@3b78d9c, org.springframework.security.web.authentication.logout.LogoutFilter@1e5bb1d9, org.springframework.security.oauth2.provider.authentication.OAuth2AuthenticationProcessingFilter@1555d496, org.springframework.security.web.savedrequest.RequestCacheAwareFilter@4c535fd7, org.springframework.security.web.servletapi.SecurityContextHolderAwareRequestFilter@73b7e0ac, org.springframework.security.web.authentication.AnonymousAuthenticationFilter@75ed46e, org.springframework.security.web.session.SessionManagementFilter@70b3b65d, org.springframework.security.web.access.ExceptionTranslationFilter@19dcfe59, org.springframework.security.web.access.intercept.FilterSecurityInterceptor@1fe03eb4]
2018-07-10 21:51:13.470  INFO 9690 --- [restartedMain] o.s.s.web.DefaultSecurityFilterChain     : Creating filter chain: org.springframework.security.web.util.matcher.AnyRequestMatcher@1, [org.springframework.security.web.context.request.async.WebAsyncManagerIntegrationFilter@471b0192, org.springframework.security.web.context.SecurityContextPersistenceFilter@1f9954eb, org.springframework.security.web.header.HeaderWriterFilter@47fd84ca, org.springframework.security.web.authentication.logout.LogoutFilter@1270313b, org.springframework.security.web.savedrequest.RequestCacheAwareFilter@5f11fab3, org.springframework.security.web.servletapi.SecurityContextHolderAwareRequestFilter@7461ee4f, org.springframework.security.web.authentication.AnonymousAuthenticationFilter@178fafa0, org.springframework.security.web.session.SessionManagementFilter@4cc5565e, org.springframework.security.web.access.ExceptionTranslationFilter@74e685de]
2018-07-10 21:51:13.487  INFO 9690 --- [restartedMain] o.s.b.d.a.OptionalLiveReloadServer       : LiveReload server is running on port 35729
2018-07-10 21:51:13.516  INFO 9690 --- [restartedMain] o.s.j.e.a.AnnotationMBeanExporter        : Registering beans for JMX exposure on startup
2018-07-10 21:51:13.517  INFO 9690 --- [restartedMain] o.s.j.e.a.AnnotationMBeanExporter        : Bean with name 'dataSource' has been autodetected for JMX exposure
2018-07-10 21:51:13.522  INFO 9690 --- [restartedMain] o.s.j.e.a.AnnotationMBeanExporter        : Located MBean 'dataSource': registering with JMX server as MBean [com.zaxxer.hikari:name=dataSource,type=HikariDataSource]
2018-07-10 21:51:13.534  INFO 9690 --- [restartedMain] o.s.b.w.embedded.tomcat.TomcatWebServer  : Tomcat started on port(s): 8070 (http) with context path ''
2018-07-10 21:51:13.538  INFO 9690 --- [restartedMain] com.bridgelabz.todo.TodoApplication      : Started TodoApplication in 1.615 seconds (JVM running for 312.575)
2018-07-10 21:51:13.541  INFO 9690 --- [restartedMain] .ConditionEvaluationDeltaLoggingListener : Condition evaluation unchanged
2018-07-10 21:51:18.666  INFO 9690 --- [http-nio-8070-exec-1] o.a.c.c.C.[Tomcat].[localhost].[/]       : Initializing Spring FrameworkServlet 'dispatcherServlet'
2018-07-10 21:51:18.683  INFO 9690 --- [http-nio-8070-exec-1] c.b.t.user.filters.LoggingInterceptor    : Request for /notes/create with request id: 715d52dd-799f-4cb8-9100-25013fe5d788
2018-07-10 21:55:18.019  INFO 9690 --- [Thread-22] ConfigServletWebServerApplicationContext : Closing org.springframework.boot.web.servlet.context.AnnotationConfigServletWebServerApplicationContext@1459acb8: startup date [Tue Jul 10 21:51:11 IST 2018]; root of context hierarchy
2018-07-10 21:55:18.022  INFO 9690 --- [Thread-22] o.s.j.e.a.AnnotationMBeanExporter        : Unregistering JMX-exposed beans on shutdown
2018-07-10 21:55:18.023  INFO 9690 --- [Thread-22] o.s.j.e.a.AnnotationMBeanExporter        : Unregistering JMX-exposed beans
2018-07-10 21:55:18.024  INFO 9690 --- [Thread-22] j.LocalContainerEntityManagerFactoryBean : Closing JPA EntityManagerFactory for persistence unit 'default'
2018-07-10 21:55:18.026  INFO 9690 --- [Thread-22] com.zaxxer.hikari.HikariDataSource       : HikariPool-4 - Shutdown initiated...
2018-07-10 21:55:18.039  INFO 9690 --- [Thread-22] com.zaxxer.hikari.HikariDataSource       : HikariPool-4 - Shutdown completed.
2018-07-10 21:55:18.434  INFO 9690 --- [restartedMain] com.bridgelabz.todo.TodoApplication      : Starting TodoApplication on SidsPC with PID 9690 (/home/sid/Sid/TodoWorkplace/todonew/target/classes started by sid in /home/sid/Sid/TodoWorkplace/todonew)
2018-07-10 21:55:18.434 DEBUG 9690 --- [restartedMain] com.bridgelabz.todo.TodoApplication      : Running with Spring Boot v2.0.3.RELEASE, Spring v5.0.7.RELEASE
2018-07-10 21:55:18.435  INFO 9690 --- [restartedMain] com.bridgelabz.todo.TodoApplication      : No active profile set, falling back to default profiles: default
2018-07-10 21:55:18.438  INFO 9690 --- [restartedMain] ConfigServletWebServerApplicationContext : Refreshing org.springframework.boot.web.servlet.context.AnnotationConfigServletWebServerApplicationContext@2c2e4f53: startup date [Tue Jul 10 21:55:18 IST 2018]; root of context hierarchy
2018-07-10 21:55:18.970  INFO 9690 --- [restartedMain] trationDelegate$BeanPostProcessorChecker : Bean 'org.springframework.transaction.annotation.ProxyTransactionManagementConfiguration' of type [org.springframework.transaction.annotation.ProxyTransactionManagementConfiguration$$EnhancerBySpringCGLIB$$ed6f83ad] is not eligible for getting processed by all BeanPostProcessors (for example: not eligible for auto-proxying)
2018-07-10 21:55:19.024  INFO 9690 --- [restartedMain] o.s.b.w.embedded.tomcat.TomcatWebServer  : Tomcat initialized with port(s): 8070 (http)
2018-07-10 21:55:19.025  INFO 9690 --- [restartedMain] o.apache.catalina.core.StandardService   : Starting service [Tomcat]
2018-07-10 21:55:19.025  INFO 9690 --- [restartedMain] org.apache.catalina.core.StandardEngine  : Starting Servlet Engine: Apache Tomcat/8.5.31
2018-07-10 21:55:19.031  INFO 9690 --- [localhost-startStop-1] o.a.c.c.C.[Tomcat].[localhost].[/]       : Initializing Spring embedded WebApplicationContext
2018-07-10 21:55:19.067  INFO 9690 --- [localhost-startStop-1] o.s.b.w.servlet.FilterRegistrationBean   : Mapping filter: 'characterEncodingFilter' to: [/*]
2018-07-10 21:55:19.067  INFO 9690 --- [localhost-startStop-1] o.s.b.w.servlet.FilterRegistrationBean   : Mapping filter: 'hiddenHttpMethodFilter' to: [/*]
2018-07-10 21:55:19.067  INFO 9690 --- [localhost-startStop-1] o.s.b.w.servlet.FilterRegistrationBean   : Mapping filter: 'httpPutFormContentFilter' to: [/*]
2018-07-10 21:55:19.067  INFO 9690 --- [localhost-startStop-1] o.s.b.w.servlet.FilterRegistrationBean   : Mapping filter: 'requestContextFilter' to: [/*]
2018-07-10 21:55:19.067  INFO 9690 --- [localhost-startStop-1] .s.DelegatingFilterProxyRegistrationBean : Mapping filter: 'springSecurityFilterChain' to: [/*]
2018-07-10 21:55:19.067  INFO 9690 --- [localhost-startStop-1] o.s.b.w.servlet.ServletRegistrationBean  : Servlet dispatcherServlet mapped to [/]
